#------------------------------------------------------------------------------
# irace: An implementation in R of (Elitist) Iterated Racing
# Version: 4.4.1.ccb6607
# Copyright (C) 2010-2025
# Manuel Lopez-Ibanez     <manuel.lopez-ibanez@manchester.ac.uk>
# Jeremie Dubois-Lacoste
# Leslie Perez Caceres    <leslie.perez.caceres@ulb.ac.be>
#
# This is free software, and you are welcome to redistribute it under certain
# conditions.  See the GNU General Public License for details. There is NO
# WARRANTY; not even for MERCHANTABILITY or FITNESS FOR A PARTICULAR PURPOSE.
#
# irace builds upon previous code from the race package:
#     race: Racing methods for the selection of the best
#     Copyright (C) 2003 Mauro Birattari
#------------------------------------------------------------------------------
# installed at: /home/nuno/R/libs/irace
# called with: 
# 2026-05-05 10:44:29 WEST: Reading parameter file '/home/nuno/DrWatsonProjects/SoftIdea/irace_ga_beta3/parameters.txt'.
# --- Parameters Hierarchy ---
        Parameter Level      Depends.on
1             Nit     1             Nit
2        pop_size     1        pop_size
3 clone_threshold     1 clone_threshold
4           Nruns     1           Nruns
# ------------------------
## irace scenario:
scenarioFile = "/home/nuno/DrWatsonProjects/SoftIdea/irace_ga_beta3/scenario.txt"
execDir = "/home/nuno/DrWatsonProjects/SoftIdea/irace_ga_beta3"
parameterFile = "/home/nuno/DrWatsonProjects/SoftIdea/irace_ga_beta3/parameters.txt"
parameters = <environment>
initConfigurations = NULL
configurationsFile = ""
logFile = "/home/nuno/DrWatsonProjects/SoftIdea/irace_ga_beta3/irace_beta3.Rdata"
recoveryFile = ""
instances = c("/home/nuno/DrWatsonProjects/SoftIdea/irace_ga_beta3/instances/H_O1_n1_2p.jl", "/home/nuno/DrWatsonProjects/SoftIdea/irace_ga_beta3/instances/H_O1_n1_3p.jl", "/home/nuno/DrWatsonProjects/SoftIdea/irace_ga_beta3/instances/H_O1_n1_4p.jl", "/home/nuno/DrWatsonProjects/SoftIdea/irace_ga_beta3/instances/H_O1_n1_5p.jl", "/home/nuno/DrWatsonProjects/SoftIdea/irace_ga_beta3/instances/H_O1_n2_2p.jl", "/home/nuno/DrWatsonProjects/SoftIdea/irace_ga_beta3/instances/H_O1_n2_3p.jl", "/home/nuno/DrWatsonProjects/SoftIdea/irace_ga_beta3/instances/H_O1_n2_4p.jl", "/home/nuno/DrWatsonProjects/SoftIdea/irace_ga_beta3/instances/H_O1_n2_5p.jl", "/home/nuno/DrWatsonProjects/SoftIdea/irace_ga_beta3/instances/H_O1_n3_2p.jl", "/home/nuno/DrWatsonProjects/SoftIdea/irace_ga_beta3/instances/H_O1_n3_3p.jl", "/home/nuno/DrWatsonProjects/SoftIdea/irace_ga_beta3/instances/H_O1_n3_4p.jl", "/home/nuno/DrWatsonProjects/SoftIdea/irace_ga_beta3/instances/H_O1_n3_5p.jl", "/home/nuno/DrWatsonProjects/SoftIdea/irace_ga_beta3/instances/H_O1_n4_2p.jl", "/home/nuno/DrWatsonProjects/SoftIdea/irace_ga_beta3/instances/H_O1_n4_3p.jl", "/home/nuno/DrWatsonProjects/SoftIdea/irace_ga_beta3/instances/H_O1_n4_4p.jl", "/home/nuno/DrWatsonProjects/SoftIdea/irace_ga_beta3/instances/H_O1_n4_5p.jl", "/home/nuno/DrWatsonProjects/SoftIdea/irace_ga_beta3/instances/H_O1_n5_2p.jl", "/home/nuno/DrWatsonProjects/SoftIdea/irace_ga_beta3/instances/H_O1_n5_3p.jl", "/home/nuno/DrWatsonProjects/SoftIdea/irace_ga_beta3/instances/H_O1_n5_4p.jl", "/home/nuno/DrWatsonProjects/SoftIdea/irace_ga_beta3/instances/H_O1_n5_5p.jl", "/home/nuno/DrWatsonProjects/SoftIdea/irace_ga_beta3/instances/H_O2_n1_2p.jl", "/home/nuno/DrWatsonProjects/SoftIdea/irace_ga_beta3/instances/H_O2_n1_3p.jl", "/home/nuno/DrWatsonProjects/SoftIdea/irace_ga_beta3/instances/H_O2_n1_4p.jl", "/home/nuno/DrWatsonProjects/SoftIdea/irace_ga_beta3/instances/H_O2_n1_5p.jl", "/home/nuno/DrWatsonProjects/SoftIdea/irace_ga_beta3/instances/H_O2_n2_2p.jl", "/home/nuno/DrWatsonProjects/SoftIdea/irace_ga_beta3/instances/H_O2_n2_3p.jl", "/home/nuno/DrWatsonProjects/SoftIdea/irace_ga_beta3/instances/H_O2_n2_4p.jl", "/home/nuno/DrWatsonProjects/SoftIdea/irace_ga_beta3/instances/H_O2_n2_5p.jl", "/home/nuno/DrWatsonProjects/SoftIdea/irace_ga_beta3/instances/H_O2_n3_2p.jl", "/home/nuno/DrWatsonProjects/SoftIdea/irace_ga_beta3/instances/H_O2_n3_3p.jl", "/home/nuno/DrWatsonProjects/SoftIdea/irace_ga_beta3/instances/H_O2_n3_4p.jl", "/home/nuno/DrWatsonProjects/SoftIdea/irace_ga_beta3/instances/H_O2_n3_5p.jl", "/home/nuno/DrWatsonProjects/SoftIdea/irace_ga_beta3/instances/H_O2_n4_2p.jl", "/home/nuno/DrWatsonProjects/SoftIdea/irace_ga_beta3/instances/H_O2_n4_3p.jl", "/home/nuno/DrWatsonProjects/SoftIdea/irace_ga_beta3/instances/H_O2_n4_4p.jl", "/home/nuno/DrWatsonProjects/SoftIdea/irace_ga_beta3/instances/H_O2_n4_5p.jl", "/home/nuno/DrWatsonProjects/SoftIdea/irace_ga_beta3/instances/H_O2_n5_2p.jl", "/home/nuno/DrWatsonProjects/SoftIdea/irace_ga_beta3/instances/H_O2_n5_3p.jl", "/home/nuno/DrWatsonProjects/SoftIdea/irace_ga_beta3/instances/H_O2_n5_4p.jl", "/home/nuno/DrWatsonProjects/SoftIdea/irace_ga_beta3/instances/H_O2_n5_5p.jl", "/home/nuno/DrWatsonProjects/SoftIdea/irace_ga_beta3/instances/H_O3_n1_2p.jl", "/home/nuno/DrWatsonProjects/SoftIdea/irace_ga_beta3/instances/H_O3_n1_3p.jl", "/home/nuno/DrWatsonProjects/SoftIdea/irace_ga_beta3/instances/H_O3_n1_4p.jl", "/home/nuno/DrWatsonProjects/SoftIdea/irace_ga_beta3/instances/H_O3_n1_5p.jl", "/home/nuno/DrWatsonProjects/SoftIdea/irace_ga_beta3/instances/H_O3_n2_2p.jl", "/home/nuno/DrWatsonProjects/SoftIdea/irace_ga_beta3/instances/H_O3_n2_3p.jl", "/home/nuno/DrWatsonProjects/SoftIdea/irace_ga_beta3/instances/H_O3_n2_4p.jl", "/home/nuno/DrWatsonProjects/SoftIdea/irace_ga_beta3/instances/H_O3_n2_5p.jl", "/home/nuno/DrWatsonProjects/SoftIdea/irace_ga_beta3/instances/H_O3_n3_2p.jl", "/home/nuno/DrWatsonProjects/SoftIdea/irace_ga_beta3/instances/H_O3_n3_3p.jl", "/home/nuno/DrWatsonProjects/SoftIdea/irace_ga_beta3/instances/H_O3_n3_4p.jl", "/home/nuno/DrWatsonProjects/SoftIdea/irace_ga_beta3/instances/H_O3_n3_5p.jl", "/home/nuno/DrWatsonProjects/SoftIdea/irace_ga_beta3/instances/H_O3_n4_2p.jl", "/home/nuno/DrWatsonProjects/SoftIdea/irace_ga_beta3/instances/H_O3_n4_3p.jl", "/home/nuno/DrWatsonProjects/SoftIdea/irace_ga_beta3/instances/H_O3_n4_4p.jl", "/home/nuno/DrWatsonProjects/SoftIdea/irace_ga_beta3/instances/H_O3_n4_5p.jl", "/home/nuno/DrWatsonProjects/SoftIdea/irace_ga_beta3/instances/H_O3_n5_2p.jl", "/home/nuno/DrWatsonProjects/SoftIdea/irace_ga_beta3/instances/H_O3_n5_3p.jl", "/home/nuno/DrWatsonProjects/SoftIdea/irace_ga_beta3/instances/H_O3_n5_4p.jl", "/home/nuno/DrWatsonProjects/SoftIdea/irace_ga_beta3/instances/H_O3_n5_5p.jl")
trainInstancesDir = ""
trainInstancesFile = "/home/nuno/DrWatsonProjects/SoftIdea/irace_ga_beta3/instances.txt"
sampleInstances = TRUE
testInstancesDir = ""
testInstancesFile = ""
testInstances = NULL
testNbElites = 1L
testIterationElites = FALSE
testType = "friedman"
firstTest = 5L
blockSize = 1L
eachTest = 1L
targetRunner = "/home/nuno/DrWatsonProjects/SoftIdea/irace_ga_beta3/target-runner"
targetRunnerLauncher = ""
targetCmdline = "{configurationID} {instanceID} {seed} {instance} {bound} {targetRunnerArgs}"
targetRunnerRetries = 0L
targetRunnerTimeout = 0L
targetRunnerData = ""
targetRunnerParallel = NULL
targetEvaluator = NULL
deterministic = FALSE
maxExperiments = 10000L
minExperiments = NA_character_
maxTime = 0L
budgetEstimation = 0.05
minMeasurableTime = 0.01
parallel = 0L
loadBalancing = TRUE
mpi = FALSE
batchmode = "0"
quiet = FALSE
debugLevel = 1L
seed = 12345L
softRestart = TRUE
softRestartThreshold = 1e-04
elitist = TRUE
elitistNewInstances = 1L
elitistLimit = 2L
repairConfiguration = NULL
capping = FALSE
cappingAfterFirstTest = FALSE
cappingType = "median"
boundType = "candidate"
boundMax = NULL
boundDigits = 0L
boundPar = 1L
boundAsTimeout = TRUE
postselection = TRUE
aclib = FALSE
nbIterations = 0L
nbExperimentsPerIteration = 0L
minNbSurvival = 0L
nbConfigurations = 0L
mu = 5L
confidence = 0.95
## end of irace scenario
# 2026-05-05 10:44:30 WEST: Initialization
# Elitist race
# Elitist new instances: 1
# Elitist limit: 2
# nbIterations: 4
# minNbSurvival: 4
# nbParameters: 4
# seed: 12345
# confidence level: 0.95
# budget: 10000
# mu: 5
# deterministic: FALSE

# 2026-05-05 10:44:30 WEST: Iteration 1 of 4
# experimentsUsed: 0
# remainingBudget: 10000
# currentBudget: 2500
# nbConfigurations: 416
# 2026-05-05 10:44:30 WEST: Sample 416 configurations from Sobol distribution
# 2026-05-05 10:44:30 WEST: Launch race
# Markers:
     x No test is performed.
     c Configurations are discarded only due to capping.
     - The test is performed and some configurations are discarded.
     = The test is performed but no configuration is discarded.
     ! The test is performed and configurations could be discarded but elite configurations are preserved.
     . Alive configurations were already evaluated on this instance and nothing is discarded.
     : All alive configurations are elite, but some need to be evaluated on this instance.

+-+-----------+-----------+-----------+----------------+-----------+--------+-----+----+------+
| |   Instance|      Alive|       Best|       Mean best| Exp so far|  W time|  rho|KenW|  Qvar|
+-+-----------+-----------+-----------+----------------+-----------+--------+-----+----+------+
|x|          1|         72|          1|     146.0000000|         72|00:13:41|   NA|  NA|    NA|
|x|          2|         72|          1|     239.0000000|        144|00:15:49|+0.01|0.51|0.9671|
|x|          3|         72|         22|     191.6666667|        216|00:14:54|+0.08|0.39|0.8972|
|x|          4|         72|         22|     510.7500000|        288|00:15:42|+0.17|0.37|0.7982|
|-|          5|         26|         22|     606.8000000|        360|00:16:51|-0.02|0.19|0.5685|
|=|          6|         26|         22|     716.3333333|        386|00:07:21|-0.01|0.16|0.4751|
|=|          7|         26|         22|     925.8571429|        412|00:08:07|-0.01|0.13|0.4081|
+-+-----------+-----------+-----------+----------------+-----------+--------+-----+----+------+
# Stopped because tests without elimination (2) >= elitistLimit (2)
Best-so-far configuration:          22    mean value:      925.8571429
Description of the best-so-far configuration:
   .ID. Nit pop_size clone_threshold Nruns .PARENT.
22   22 100       50            0.05    75       NA

# 2026-05-05 12:16:57 WEST: Extracting elites
# 2026-05-05 12:16:57 WEST: Elite configurations (first number is the configuration ID; listed from best to worst according to the sum of ranks):
   .ID. Nit pop_size clone_threshold Nruns .PARENT. .RANK. .WEIGHT.
22   22 100       50            0.05    75       NA     74      0.4
54   54 100       50            0.05   100       NA     74      0.3
1     1 100       50             0.1   100       NA     87      0.2
17   17 100       75            0.05    75       NA     87      0.1
# 2026-05-05 12:16:57 WEST: Initialise model
# 2026-05-05 12:16:57 WEST: End of iteration 1
# 2026-05-05 12:16:57 WEST: Iteration 2 of 4
# experimentsUsed: 412
# remainingBudget: 9588
# currentBudget: 3196
# nbConfigurations: 403
# 2026-05-05 12:16:57 WEST: Update model
# 2026-05-05 12:16:57 WEST: Sample 399 configurations from model
# 2026-05-05 12:16:57 WEST: Computing similarity of configurations . DONE
# 2026-05-05 12:16:57 WEST: Soft restart: 77 81 86 87 91 95 97 98 102 104 109 110 112 113 114 115 123 125 130 137 142 143 147 149 150 156 163 166 179 181 188 193 195 196 199 200 204 206 211 216 221 222 230 233 237 240 249 254 256 260 263 264 272 273 279 282 290 292 298 304 308 309 320 331 332 334 336 341 344 353 356 357 364 365 369 372 376 379 380 381 383 386 394 409 411 425 435 442 447 452 454 458 463 469 73 74 75 76 78 79 80 82 83 84 85 88 89 90 92 93 94 96 99 100 101 103 105 106 107 108 116 117 118 119 120 121 122 124 126 127 128 129 131 132 133 134 135 138 139 140 141 144 145 146 148 151 152 153 154 155 157 158 159 160 161 162 164 165 167 168 169 170 171 172 173 174 175 176 177 178 182 183 184 185 186 187 189 190 191 192 194 197 198 201 202 203 205 207 208 209 210 212 213 214 215 217 218 219 220 223 224 225 226 227 228 229 231 232 234 235 236 238 239 241 243 244 245 246 247 248 250 251 252 253 255 257 258 259 261 262 265 266 267 268 269 270 271 274 275 276 277 278 280 281 283 284 285 286 287 288 289 291 293 294 295 296 299 300 301 302 303 305 306 307 310 311 312 313 314 315 316 317 318 319 321 322 323 324 325 326 327 328 329 330 333 335 337 338 339 340 342 343 345 346 347 348 349 350 351 352 354 355 358 359 360 361 362 363 366 367 368 370 371 373 374 375 377 378 382 384 385 387 388 389 390 391 392 393 395 396 397 398 399 400 402 403 405 406 407 408 410 412 413 414 415 416 417 418 419 420 421 422 423 424 426 427 428 429 430 431 432 433 434 436 437 438 439 441 443 444 445 446 448 449 451 453 455 456 457 459 460 461 462 464 465 466 467 468 470 471 297 404 450 111 136 180 242 401 440 !
# 2026-05-05 12:16:57 WEST: Launch race
# Markers:
     x No test is performed.
     c Configurations are discarded only due to capping.
     - The test is performed and some configurations are discarded.
     = The test is performed but no configuration is discarded.
     ! The test is performed and configurations could be discarded but elite configurations are preserved.
     . Alive configurations were already evaluated on this instance and nothing is discarded.
     : All alive configurations are elite, but some need to be evaluated on this instance.

+-+-----------+-----------+-----------+----------------+-----------+--------+-----+----+------+
| |   Instance|      Alive|       Best|       Mean best| Exp so far|  W time|  rho|KenW|  Qvar|
+-+-----------+-----------+-----------+----------------+-----------+--------+-----+----+------+
|x|          8|        403|         22|     117.0000000|        403|01:06:07|   NA|  NA|    NA|
|x|          4|        403|         22|     792.5000000|        802|01:08:39|+0.02|0.51|0.9486|
|x|          5|        403|         22|     858.6666667|       1201|01:14:55|+0.06|0.37|0.6747|
|x|          7|        403|         22|     1189.750000|       1600|01:15:17|+0.04|0.28|0.5867|
|=|          6|        403|         22|     1204.600000|       1999|01:08:48|+0.03|0.22|0.5017|
|=|          1|        403|         22|     1028.166667|       2398|01:07:14|+0.02|0.19|0.4342|
|-|          3|          4|         22|     895.1428571|       2797|01:11:25|+0.10|0.22|0.1937|
|.|          2|          4|         22|     824.7500000|       2797|00:00:00|+0.08|0.20|0.1720|
+-+-----------+-----------+-----------+----------------+-----------+--------+-----+----+------+
# Stopped because number of alive configurations (4) <= minimum number of configurations (4)
Best-so-far configuration:          22    mean value:      824.7500000
Description of the best-so-far configuration:
   .ID. Nit pop_size clone_threshold Nruns .PARENT.
22   22 100       50            0.05    75       NA

# 2026-05-05 20:29:26 WEST: Extracting elites
# 2026-05-05 20:29:26 WEST: Elite configurations (first number is the configuration ID; listed from best to worst according to the sum of ranks):
   .ID. Nit pop_size clone_threshold Nruns .PARENT. .RANK. .WEIGHT.
22   22 100       50            0.05    75       NA   18.5      0.4
54   54 100       50            0.05   100       NA   18.5      0.3
17   17 100       75            0.05    75       NA   20.5      0.2
1     1 100       50             0.1   100       NA   22.5      0.1
# 2026-05-05 20:29:26 WEST: End of iteration 2
# 2026-05-05 20:29:26 WEST: Iteration 3 of 4
# experimentsUsed: 3209
# remainingBudget: 6791
# currentBudget: 3395
# nbConfigurations: 380
# 2026-05-05 20:29:26 WEST: Update model
# 2026-05-05 20:29:26 WEST: Sample 376 configurations from model
# 2026-05-05 20:29:26 WEST: Computing similarity of configurations . DONE
# 2026-05-05 20:29:26 WEST: Soft restart: 474 475 476 479 481 487 503 504 505 506 515 522 526 534 543 545 548 553 558 562 564 568 576 577 579 581 585 590 596 597 599 604 607 621 623 625 629 641 649 657 658 660 662 663 677 679 689 695 701 707 712 715 720 721 722 728 730 741 745 750 751 758 759 761 764 769 781 785 787 795 799 801 805 815 832 834 838 472 473 477 478 480 482 483 484 485 486 488 489 490 491 492 493 494 495 496 497 499 500 501 508 510 511 512 514 516 517 518 519 520 521 523 524 525 527 528 529 530 532 533 535 537 538 539 540 541 542 544 546 547 549 550 551 552 554 555 557 561 563 565 566 567 569 570 571 572 574 575 578 580 582 583 586 587 588 591 592 594 595 598 600 601 602 603 605 606 608 609 611 612 613 614 615 616 617 618 620 622 624 626 627 628 630 632 634 635 636 637 638 640 642 643 644 645 646 647 648 650 651 652 654 655 656 659 661 664 665 666 668 669 670 671 674 676 678 680 681 682 683 685 686 687 688 690 691 692 693 694 696 698 699 700 702 703 705 706 708 709 710 711 713 714 716 718 719 723 724 725 726 727 729 731 733 734 735 736 737 738 739 740 742 743 744 746 748 749 752 753 755 756 757 760 762 763 765 766 767 768 770 771 773 775 777 778 779 780 782 783 786 788 789 790 791 792 794 796 797 798 800 802 804 806 807 808 809 810 811 812 813 814 816 817 818 819 820 821 822 823 824 825 826 827 828 829 830 831 833 835 837 839 841 842 843 844 845 846 847 502 509 536 556 560 589 593 610 639 667 672 673 675 697 754 776 784 836 498 507 513 531 559 573 584 619 631 633 653 684 704 717 732 747 772 774 793 803 840 !
# 2026-05-05 20:29:26 WEST: Launch race
# Markers:
     x No test is performed.
     c Configurations are discarded only due to capping.
     - The test is performed and some configurations are discarded.
     = The test is performed but no configuration is discarded.
     ! The test is performed and configurations could be discarded but elite configurations are preserved.
     . Alive configurations were already evaluated on this instance and nothing is discarded.
     : All alive configurations are elite, but some need to be evaluated on this instance.

+-+-----------+-----------+-----------+----------------+-----------+--------+-----+----+------+
| |   Instance|      Alive|       Best|       Mean best| Exp so far|  W time|  rho|KenW|  Qvar|
+-+-----------+-----------+-----------+----------------+-----------+--------+-----+----+------+
|x|          9|        380|         22|     994.0000000|        380|01:17:37|   NA|  NA|    NA|
|x|          8|        380|         22|     555.5000000|        756|01:09:27|+0.00|0.50|0.4987|
|x|          2|        380|         22|     481.0000000|       1132|01:16:01|+0.43|0.62|0.3774|
|x|          4|        380|         22|     727.7500000|       1508|01:13:25|+0.04|0.28|0.5859|
|=|          6|        380|         22|     835.0000000|       1884|01:11:17|+0.03|0.22|0.5012|
|-|          3|          4|         22|     712.0000000|       2260|01:12:51|+0.11|0.26|0.2211|
|.|          5|          4|         22|     751.8571429|       2260|00:00:00|+0.10|0.22|0.1937|
|.|          7|          4|         22|     930.7500000|       2260|00:00:00|+0.08|0.20|0.1720|
|.|          1|          4|         22|     843.5555556|       2260|00:00:00|+0.07|0.17|0.1546|
+-+-----------+-----------+-----------+----------------+-----------+--------+-----+----+------+
# Stopped because number of alive configurations (4) <= minimum number of configurations (4)
Best-so-far configuration:          22    mean value:      843.5555556
Description of the best-so-far configuration:
   .ID. Nit pop_size clone_threshold Nruns .PARENT.
22   22 100       50            0.05    75       NA

# 2026-05-06 03:50:06 WEST: Extracting elites
# 2026-05-06 03:50:06 WEST: Elite configurations (first number is the configuration ID; listed from best to worst according to the sum of ranks):
   .ID. Nit pop_size clone_threshold Nruns .PARENT. .RANK. .WEIGHT.
22   22 100       50            0.05    75       NA     21      0.4
54   54 100       50            0.05   100       NA     21      0.3
17   17 100       75            0.05    75       NA     23      0.2
1     1 100       50             0.1   100       NA     25      0.1
# 2026-05-06 03:50:06 WEST: End of iteration 3
# 2026-05-06 03:50:06 WEST: Iteration 4 of 4
# experimentsUsed: 5469
# remainingBudget: 4531
# currentBudget: 4531
# nbConfigurations: 456
# 2026-05-06 03:50:06 WEST: Update model
# 2026-05-06 03:50:06 WEST: Sample 452 configurations from model
# 2026-05-06 03:50:06 WEST: Computing similarity of configurations . DONE
# 2026-05-06 03:50:06 WEST: Soft restart: 849 857 862 867 868 872 875 876 878 883 886 889 891 892 894 895 898 903 913 915 919 938 941 946 948 956 958 959 964 970 974 976 979 980 982 987 988 989 990 992 1003 1006 1007 1008 1010 1018 1020 1022 1025 1032 1034 1035 1039 1043 1050 1052 1053 1054 1056 1058 1060 1063 1065 1066 1071 1072 1073 1076 1080 1082 1096 1104 1108 1112 1113 1121 1127 1128 1130 1133 1136 1140 1145 1146 1149 1150 1151 1163 1169 1172 1173 1177 1182 1183 1186 1194 1195 1201 1202 1206 1207 1208 1213 1224 1226 1233 1240 1241 1242 1243 1251 1252 1253 1263 1267 1268 1281 1283 1284 1285 1287 1292 1298 1299 848 850 851 852 853 854 855 858 859 860 861 863 864 866 869 870 871 877 880 881 882 884 887 888 890 893 896 897 899 900 901 902 904 905 906 907 908 909 910 911 912 914 917 918 920 921 922 923 924 926 927 928 929 930 931 932 933 934 935 936 937 939 940 943 944 945 947 951 952 953 954 957 960 961 962 963 965 966 967 968 969 971 972 973 975 977 978 981 983 984 985 986 991 993 994 996 997 999 1000 1001 1002 1004 1005 1009 1011 1012 1013 1014 1015 1016 1017 1019 1021 1023 1026 1027 1028 1029 1030 1031 1033 1036 1037 1038 1041 1042 1044 1046 1047 1048 1049 1051 1055 1057 1059 1061 1062 1064 1067 1068 1069 1070 1074 1077 1078 1079 1081 1083 1084 1085 1086 1087 1088 1089 1090 1091 1092 1093 1094 1097 1098 1100 1101 1102 1103 1105 1106 1109 1110 1111 1114 1116 1117 1118 1119 1120 1122 1123 1124 1125 1126 1131 1132 1134 1135 1137 1138 1139 1141 1142 1143 1144 1148 1152 1153 1154 1155 1157 1158 1159 1160 1161 1162 1164 1165 1166 1167 1168 1170 1171 1175 1176 1178 1179 1180 1181 1184 1187 1188 1189 1190 1191 1192 1193 1196 1197 1198 1199 1200 1203 1204 1205 1209 1211 1212 1214 1216 1217 1219 1220 1221 1222 1223 1225 1227 1228 1229 1231 1232 1234 1235 1236 1237 1239 1245 1246 1247 1248 1249 1250 1254 1255 1256 1257 1258 1259 1260 1261 1262 1264 1265 1269 1270 1271 1272 1273 1274 1275 1276 1277 1278 1279 1282 1286 1289 1290 1291 1293 1295 1296 1297 865 873 874 916 925 950 995 998 1040 1095 1107 1115 1129 1174 1210 1294 856 879 885 942 949 955 1024 1045 1075 1099 1147 1156 1185 1215 1218 1230 1238 1244 1266 1280 1288 !
# 2026-05-06 03:50:06 WEST: Launch race
# Markers:
     x No test is performed.
     c Configurations are discarded only due to capping.
     - The test is performed and some configurations are discarded.
     = The test is performed but no configuration is discarded.
     ! The test is performed and configurations could be discarded but elite configurations are preserved.
     . Alive configurations were already evaluated on this instance and nothing is discarded.
     : All alive configurations are elite, but some need to be evaluated on this instance.

+-+-----------+-----------+-----------+----------------+-----------+--------+-----+----+------+
| |   Instance|      Alive|       Best|       Mean best| Exp so far|  W time|  rho|KenW|  Qvar|
+-+-----------+-----------+-----------+----------------+-----------+--------+-----+----+------+
|x|         10|        456|         17|     332.0000000|        456|01:35:37|   NA|  NA|    NA|
|x|          2|        456|         17|     332.0000000|        908|01:35:27|+0.07|0.54|0.6825|
|x|          1|        456|         17|     270.0000000|       1360|01:23:22|+0.04|0.36|0.5601|
|x|          3|        456|         22|     227.2500000|       1812|01:28:01|+0.05|0.29|0.5525|
|-|          6|          4|         22|     434.6000000|       2264|01:28:29|-0.25|0.00|0.3750|
|.|          7|          4|         22|     726.0000000|       2264|00:00:00|-0.20|0.00|0.3000|
|.|          8|          4|         22|     639.0000000|       2264|00:00:00|-0.12|0.04|0.3571|
|.|          4|          4|         22|     742.6250000|       2264|00:00:00|-0.10|0.03|0.3080|
|.|          5|          4|         22|     770.2222222|       2264|00:00:00|-0.09|0.03|0.2708|
|.|          9|          4|         22|     792.6000000|       2264|00:00:00|-0.08|0.03|0.2417|
+-+-----------+-----------+-----------+----------------+-----------+--------+-----+----+------+
# Stopped because number of alive configurations (4) <= minimum number of configurations (4)
Best-so-far configuration:          22    mean value:      792.6000000
Description of the best-so-far configuration:
   .ID. Nit pop_size clone_threshold Nruns .PARENT.
22   22 100       50            0.05    75       NA

# 2026-05-06 11:21:04 WEST: Extracting elites
# 2026-05-06 11:21:04 WEST: Elite configurations (first number is the configuration ID; listed from best to worst according to the sum of ranks):
   .ID. Nit pop_size clone_threshold Nruns .PARENT. .RANK. .WEIGHT.
22   22 100       50            0.05    75       NA   24.5      0.4
54   54 100       50            0.05   100       NA   24.5      0.3
17   17 100       75            0.05    75       NA   24.5      0.2
1     1 100       50             0.1   100       NA   26.5      0.1
# 2026-05-06 11:21:04 WEST: End of iteration 4
# 2026-05-06 11:21:04 WEST: Iteration 5 of 5
# experimentsUsed: 7733
# remainingBudget: 2267
# currentBudget: 2267
# nbConfigurations: 209
# 2026-05-06 11:21:04 WEST: Update model
# 2026-05-06 11:21:04 WEST: Sample 205 configurations from model
# 2026-05-06 11:21:04 WEST: Computing similarity of configurations . DONE
# 2026-05-06 11:21:04 WEST: Soft restart: 1307 1309 1313 1315 1318 1322 1335 1346 1348 1352 1354 1356 1370 1371 1373 1376 1389 1408 1411 1416 1419 1421 1429 1431 1433 1436 1443 1444 1445 1456 1459 1463 1464 1465 1469 1471 1473 1474 1482 1485 1487 1488 1493 1494 1496 1300 1301 1302 1303 1304 1305 1306 1308 1310 1311 1314 1316 1317 1319 1320 1321 1323 1324 1325 1326 1327 1328 1329 1331 1332 1333 1336 1337 1338 1339 1340 1342 1344 1345 1347 1349 1350 1351 1353 1355 1357 1358 1360 1361 1362 1363 1364 1365 1366 1368 1369 1372 1374 1375 1379 1380 1381 1382 1383 1385 1386 1387 1388 1390 1391 1393 1394 1395 1396 1397 1398 1399 1400 1401 1402 1403 1404 1405 1406 1407 1409 1410 1412 1413 1414 1415 1418 1420 1422 1424 1425 1426 1427 1428 1430 1434 1437 1438 1439 1440 1441 1442 1447 1449 1450 1451 1452 1453 1455 1457 1458 1460 1466 1467 1468 1470 1472 1475 1476 1477 1478 1479 1480 1481 1484 1486 1489 1490 1491 1492 1495 1497 1498 1499 1500 1502 1503 1504 1330 1334 1359 1377 1378 1384 1423 1446 1462 1483 1501 1312 1341 1343 1367 1392 1417 1432 1435 1448 1454 1461 !
# 2026-05-06 11:21:04 WEST: Launch race
# Markers:
     x No test is performed.
     c Configurations are discarded only due to capping.
     - The test is performed and some configurations are discarded.
     = The test is performed but no configuration is discarded.
     ! The test is performed and configurations could be discarded but elite configurations are preserved.
     . Alive configurations were already evaluated on this instance and nothing is discarded.
     : All alive configurations are elite, but some need to be evaluated on this instance.

+-+-----------+-----------+-----------+----------------+-----------+--------+-----+----+------+
| |   Instance|      Alive|       Best|       Mean best| Exp so far|  W time|  rho|KenW|  Qvar|
+-+-----------+-----------+-----------+----------------+-----------+--------+-----+----+------+
|x|         11|        209|         22|     146.0000000|        209|00:37:53|   NA|  NA|    NA|
|x|         10|        209|         17|     239.0000000|        414|00:43:19|+0.00|0.50|0.4976|
|x|          2|        209|         17|     270.0000000|        619|00:43:19|+0.07|0.38|0.5236|
|x|          9|        209|         17|     451.0000000|        824|00:45:08|+0.04|0.28|0.4277|
|-|          3|          4|         22|     380.6000000|       1029|00:41:48|-0.25|0.00|0.3750|
|.|          1|          4|         22|     341.5000000|       1029|00:00:00|-0.20|0.00|0.3000|
|.|          8|          4|         22|     309.4285714|       1029|00:00:00|-0.12|0.04|0.3571|
|.|          4|          4|         22|     454.2500000|       1029|00:00:00|-0.10|0.03|0.3080|
|.|          5|          4|         22|     513.8888889|       1029|00:00:00|-0.09|0.03|0.2708|
|.|          6|          4|         22|     588.9000000|       1029|00:00:00|-0.08|0.03|0.2417|
|.|          7|          4|         22|     733.8181818|       1029|00:00:00|-0.07|0.02|0.2182|
+-+-----------+-----------+-----------+----------------+-----------+--------+-----+----+------+
# Stopped because number of alive configurations (4) <= minimum number of configurations (4)
Best-so-far configuration:          22    mean value:      733.8181818
Description of the best-so-far configuration:
   .ID. Nit pop_size clone_threshold Nruns .PARENT.
22   22 100       50            0.05    75       NA

# 2026-05-06 14:52:32 WEST: Extracting elites
# 2026-05-06 14:52:32 WEST: Elite configurations (first number is the configuration ID; listed from best to worst according to the sum of ranks):
   .ID. Nit pop_size clone_threshold Nruns .PARENT. .RANK. .WEIGHT.
22   22 100       50            0.05    75       NA     27      0.4
54   54 100       50            0.05   100       NA     27      0.3
17   17 100       75            0.05    75       NA     27      0.2
1     1 100       50             0.1   100       NA     29      0.1
# 2026-05-06 14:52:32 WEST: End of iteration 5
# 2026-05-06 14:52:32 WEST: Iteration 6 of 6
# experimentsUsed: 8762
# remainingBudget: 1238
# currentBudget: 1238
# nbConfigurations: 106
# 2026-05-06 14:52:32 WEST: Update model
# 2026-05-06 14:52:32 WEST: Sample 102 configurations from model
# 2026-05-06 14:52:32 WEST: Computing similarity of configurations . DONE
# 2026-05-06 14:52:32 WEST: Soft restart: 1510 1528 1537 1540 1541 1543 1549 1551 1554 1557 1563 1564 1567 1570 1576 1577 1580 1584 1587 1590 1600 1601 1602 1606 1505 1506 1507 1508 1511 1512 1514 1515 1516 1518 1519 1520 1521 1522 1523 1524 1525 1529 1530 1531 1532 1533 1534 1535 1536 1538 1539 1542 1544 1545 1546 1547 1548 1550 1552 1553 1555 1558 1559 1560 1561 1562 1565 1566 1568 1569 1571 1572 1574 1575 1578 1579 1581 1582 1583 1585 1586 1588 1589 1591 1592 1593 1594 1595 1596 1597 1598 1603 1604 1605 1513 1517 1526 1573 1509 1527 1556 1599 !
# 2026-05-06 14:52:33 WEST: Launch race
# Markers:
     x No test is performed.
     c Configurations are discarded only due to capping.
     - The test is performed and some configurations are discarded.
     = The test is performed but no configuration is discarded.
     ! The test is performed and configurations could be discarded but elite configurations are preserved.
     . Alive configurations were already evaluated on this instance and nothing is discarded.
     : All alive configurations are elite, but some need to be evaluated on this instance.

+-+-----------+-----------+-----------+----------------+-----------+--------+-----+----+------+
| |   Instance|      Alive|       Best|       Mean best| Exp so far|  W time|  rho|KenW|  Qvar|
+-+-----------+-----------+-----------+----------------+-----------+--------+-----+----+------+
|x|         12|        106|         22|     1479.000000|        106|00:20:38|   NA|  NA|    NA|
|x|          2|        106|         22|     905.5000000|        208|00:22:34|+0.00|0.50|0.4953|
|x|          7|        106|         22|     1331.333333|        310|00:22:13|+0.00|0.33|0.3302|
|x|         11|        106|         22|     1035.000000|        412|00:20:27|+0.00|0.25|0.2476|
|=|          6|        106|         22|     1080.800000|        514|00:23:18|+0.00|0.20|0.1981|
|-|          5|          4|         22|     1065.833333|        616|00:22:03|+1.00|1.00|0.0000|
|.|          9|          4|         22|     1055.571429|        616|00:00:00|+1.00|1.00|0.0000|
|.|         10|          4|         22|     965.3750000|        616|00:00:00|+0.00|0.12|0.0938|
|.|          8|          4|         22|     871.1111111|        616|00:00:00|-0.07|0.05|0.1787|
|.|          1|          4|         22|     798.6000000|        616|00:00:00|-0.06|0.04|0.1596|
|.|          3|          4|         22|     734.8181818|        616|00:00:00|-0.07|0.02|0.2182|
|.|          4|          4|         22|     795.9166667|        616|00:00:00|-0.07|0.02|0.1989|
+-+-----------+-----------+-----------+----------------+-----------+--------+-----+----+------+
# Stopped because number of alive configurations (4) <= minimum number of configurations (4)
Best-so-far configuration:          22    mean value:      795.9166667
Description of the best-so-far configuration:
   .ID. Nit pop_size clone_threshold Nruns .PARENT.
22   22 100       50            0.05    75       NA

# 2026-05-06 17:03:49 WEST: Extracting elites
# 2026-05-06 17:03:49 WEST: Elite configurations (first number is the configuration ID; listed from best to worst according to the sum of ranks):
   .ID. Nit pop_size clone_threshold Nruns .PARENT. .RANK. .WEIGHT.
22   22 100       50            0.05    75       NA   29.5      0.4
54   54 100       50            0.05   100       NA   29.5      0.3
17   17 100       75            0.05    75       NA   29.5      0.2
1     1 100       50             0.1   100       NA   31.5      0.1
# 2026-05-06 17:03:49 WEST: End of iteration 6
# 2026-05-06 17:03:49 WEST: Iteration 7 of 7
# experimentsUsed: 9378
# remainingBudget: 622
# currentBudget: 622
# nbConfigurations: 51
# 2026-05-06 17:03:49 WEST: Update model
# 2026-05-06 17:03:49 WEST: Sample 47 configurations from model
# 2026-05-06 17:03:49 WEST: Computing similarity of configurations . DONE
# 2026-05-06 17:03:49 WEST: Soft restart: 1609 1610 1612 1624 1628 1633 1637 1643 1647 1651 1607 1608 1611 1613 1614 1615 1616 1617 1618 1619 1621 1622 1623 1625 1626 1627 1629 1630 1631 1632 1634 1635 1636 1638 1639 1640 1641 1642 1644 1645 1648 1649 1650 1652 1653 !
# 2026-05-06 17:03:49 WEST: Launch race
# Markers:
     x No test is performed.
     c Configurations are discarded only due to capping.
     - The test is performed and some configurations are discarded.
     = The test is performed but no configuration is discarded.
     ! The test is performed and configurations could be discarded but elite configurations are preserved.
     . Alive configurations were already evaluated on this instance and nothing is discarded.
     : All alive configurations are elite, but some need to be evaluated on this instance.

+-+-----------+-----------+-----------+----------------+-----------+--------+-----+----+------+
| |   Instance|      Alive|       Best|       Mean best| Exp so far|  W time|  rho|KenW|  Qvar|
+-+-----------+-----------+-----------+----------------+-----------+--------+-----+----+------+
|x|         13|         51|         22|     643.0000000|         51|00:11:04|   NA|  NA|    NA|
|x|          8|         51|         22|     380.0000000|         98|00:09:36|+0.09|0.54|0.9035|
|x|          3|         51|         22|     285.6666667|        145|00:09:42|+0.25|0.50|0.6699|
|x|          4|         51|         22|     581.2500000|        192|00:09:34|+0.10|0.33|0.7684|
|=|          6|         51|         22|     717.8000000|        239|00:09:29|+0.08|0.26|0.6571|
|=|          7|         51|         22|     962.0000000|        286|00:09:55|+0.06|0.22|0.5688|
|-|          9|          4|         22|     966.5714286|        333|00:10:31|+0.10|0.22|0.1937|
|.|          5|          4|         22|     969.6250000|        333|00:00:00|+0.08|0.20|0.1720|
|.|         10|          4|         22|     899.0000000|        333|00:00:00|-0.09|0.03|0.2708|
|.|          1|          4|         22|     823.7000000|        333|00:00:00|-0.08|0.03|0.2417|
|.|         12|          4|         22|     883.2727273|        333|00:00:00|-0.07|0.02|0.2182|
|.|          2|          4|         22|     837.3333333|        333|00:00:00|-0.07|0.02|0.1989|
|.|         11|          4|         22|     784.1538462|        333|00:00:00|-0.06|0.02|0.1827|
+-+-----------+-----------+-----------+----------------+-----------+--------+-----+----+------+
# Stopped because number of alive configurations (4) <= minimum number of configurations (4)
Best-so-far configuration:          22    mean value:      784.1538462
Description of the best-so-far configuration:
   .ID. Nit pop_size clone_threshold Nruns .PARENT.
22   22 100       50            0.05    75       NA

# 2026-05-06 18:13:43 WEST: Extracting elites
# 2026-05-06 18:13:43 WEST: Elite configurations (first number is the configuration ID; listed from best to worst according to the sum of ranks):
   .ID. Nit pop_size clone_threshold Nruns .PARENT. .RANK. .WEIGHT.
22   22 100       50            0.05    75       NA     32      0.4
54   54 100       50            0.05   100       NA     32      0.3
17   17 100       75            0.05    75       NA     32      0.2
1     1 100       50             0.1   100       NA     34      0.1
# 2026-05-06 18:13:43 WEST: End of iteration 7
# 2026-05-06 18:13:43 WEST: Iteration 8 of 8
# experimentsUsed: 9711
# remainingBudget: 289
# currentBudget: 289
# nbConfigurations: 24
# 2026-05-06 18:13:43 WEST: Update model
# 2026-05-06 18:13:43 WEST: Sample 20 configurations from model
# 2026-05-06 18:13:43 WEST: Computing similarity of configurations . DONE
# 2026-05-06 18:13:43 WEST: Soft restart: 1656 1657 1658 1660 1662 1663 1665 1673 1654 1655 1659 1661 1666 1667 1668 1669 1671 1672 1664 1670 !
# 2026-05-06 18:13:43 WEST: Launch race
# Markers:
     x No test is performed.
     c Configurations are discarded only due to capping.
     - The test is performed and some configurations are discarded.
     = The test is performed but no configuration is discarded.
     ! The test is performed and configurations could be discarded but elite configurations are preserved.
     . Alive configurations were already evaluated on this instance and nothing is discarded.
     : All alive configurations are elite, but some need to be evaluated on this instance.

+-+-----------+-----------+-----------+----------------+-----------+--------+-----+----+------+
| |   Instance|      Alive|       Best|       Mean best| Exp so far|  W time|  rho|KenW|  Qvar|
+-+-----------+-----------+-----------+----------------+-----------+--------+-----+----+------+
|x|         14|         24|          1|     1467.000000|         24|00:05:57|   NA|  NA|    NA|
|x|          8|         24|         22|     793.5000000|         44|00:03:58|+0.20|0.60|0.8400|
|x|         11|         24|         22|     577.6666667|         64|00:03:43|+0.10|0.40|0.5994|
|x|          5|         24|         22|     681.0000000|         84|00:04:11|+0.22|0.42|0.5403|
|-|         12|          4|         22|     840.6000000|        104|00:03:42|-0.25|0.00|0.3750|
|.|         10|          4|         22|     756.1666667|        104|00:00:00|-0.12|0.07|0.4250|
|.|         13|          4|         22|     740.0000000|        104|00:00:00|-0.10|0.06|0.3571|
|.|          7|          4|         22|     920.3750000|        104|00:00:00|-0.09|0.05|0.3080|
|.|          9|          4|         22|     928.5555556|        104|00:00:00|-0.07|0.04|0.2708|
|.|          1|          4|         22|     850.3000000|        104|00:00:00|-0.07|0.04|0.2417|
|.|          2|          4|         22|     803.1818182|        104|00:00:00|-0.06|0.04|0.2182|
|.|          6|          4|         22|     841.5833333|        104|00:00:00|-0.05|0.03|0.1989|
|.|          4|          4|         22|     889.7692308|        104|00:00:00|-0.05|0.03|0.1827|
|.|          3|          4|         22|     833.1428571|        104|00:00:00|-0.08|0.00|0.2308|
+-+-----------+-----------+-----------+----------------+-----------+--------+-----+----+------+
# Stopped because number of alive configurations (4) <= minimum number of configurations (4)
Best-so-far configuration:          22    mean value:      833.1428571
Description of the best-so-far configuration:
   .ID. Nit pop_size clone_threshold Nruns .PARENT.
22   22 100       50            0.05    75       NA

# 2026-05-06 18:35:16 WEST: Extracting elites
# 2026-05-06 18:35:16 WEST: Elite configurations (first number is the configuration ID; listed from best to worst according to the sum of ranks):
   .ID. Nit pop_size clone_threshold Nruns .PARENT. .RANK. .WEIGHT.
22   22 100       50            0.05    75       NA     35      0.4
54   54 100       50            0.05   100       NA     35      0.3
17   17 100       75            0.05    75       NA     35      0.2
1     1 100       50             0.1   100       NA     35      0.1
# 2026-05-06 18:35:16 WEST: End of iteration 8
# 2026-05-06 18:35:16 WEST: Iteration 9 of 9
# experimentsUsed: 9815
# remainingBudget: 185
# currentBudget: 185
# nbConfigurations: 16
# 2026-05-06 18:35:16 WEST: Update model
# 2026-05-06 18:35:16 WEST: Sample 12 configurations from model
# 2026-05-06 18:35:16 WEST: Computing similarity of configurations . DONE
# 2026-05-06 18:35:16 WEST: Soft restart: 1676 1677 1680 1681 1684 1674 1675 1683 1685 1678 1679 1682 !
# 2026-05-06 18:35:16 WEST: Launch race
# Markers:
     x No test is performed.
     c Configurations are discarded only due to capping.
     - The test is performed and some configurations are discarded.
     = The test is performed but no configuration is discarded.
     ! The test is performed and configurations could be discarded but elite configurations are preserved.
     . Alive configurations were already evaluated on this instance and nothing is discarded.
     : All alive configurations are elite, but some need to be evaluated on this instance.

+-+-----------+-----------+-----------+----------------+-----------+--------+-----+----+------+
| |   Instance|      Alive|       Best|       Mean best| Exp so far|  W time|  rho|KenW|  Qvar|
+-+-----------+-----------+-----------+----------------+-----------+--------+-----+----+------+
|x|         15|         16|         17|     1111.000000|         16|00:04:11|   NA|  NA|    NA|
|x|          6|         16|         17|     1187.500000|         28|00:02:24|+0.00|0.50|0.4688|
|x|          8|         16|         17|     830.6666667|         40|00:02:30|+0.22|0.48|0.4829|
|x|          9|         16|         17|     871.5000000|         52|00:02:46|+0.14|0.36|0.3977|
|=|          7|         16|         17|     1133.800000|         64|00:02:33|+0.11|0.29|0.3324|
|=|         10|         16|         17|     1000.166667|         76|00:02:39|+0.10|0.25|0.4096|
|-|          3|          4|         17|     871.5714286|         88|00:02:31|-0.02|0.12|0.4351|
|.|         13|          4|         17|     843.0000000|         88|00:00:00|-0.02|0.11|0.3799|
|.|          1|          4|         17|     765.5555556|         88|00:00:00|-0.02|0.10|0.3372|
|.|          4|          4|         17|     835.8000000|         88|00:00:00|-0.01|0.09|0.3031|
|.|         12|          4|         17|     894.2727273|         88|00:00:00|-0.01|0.08|0.2752|
|.|          2|          4|         17|     847.4166667|         88|00:00:00|-0.01|0.07|0.2521|
|.|         14|          4|         17|     895.3076923|         88|00:00:00|-0.06|0.02|0.3077|
|.|         11|          4|         17|     841.7857143|         88|00:00:00|-0.06|0.02|0.2843|
|.|          5|          4|         17|     851.7333333|         88|00:00:00|-0.05|0.02|0.2643|
+-+-----------+-----------+-----------+----------------+-----------+--------+-----+----+------+
# Stopped because number of alive configurations (4) <= minimum number of configurations (4)
Best-so-far configuration:          17    mean value:      851.7333333
Description of the best-so-far configuration:
   .ID. Nit pop_size clone_threshold Nruns .PARENT.
17   17 100       75            0.05    75       NA

# 2026-05-06 18:54:54 WEST: Extracting elites
# 2026-05-06 18:54:54 WEST: Elite configurations (first number is the configuration ID; listed from best to worst according to the sum of ranks):
   .ID. Nit pop_size clone_threshold Nruns .PARENT. .RANK. .WEIGHT.
17   17 100       75            0.05    75       NA   36.0      0.4
22   22 100       50            0.05    75       NA   37.5      0.3
54   54 100       50            0.05   100       NA   37.5      0.2
1     1 100       50             0.1   100       NA   39.0      0.1
# 2026-05-06 18:54:54 WEST: End of iteration 9
# 2026-05-06 18:54:54 WEST: Iteration 10 of 10
# experimentsUsed: 9903
# remainingBudget: 97
# currentBudget: 97
# nbConfigurations: 9
# 2026-05-06 18:54:54 WEST: Update model
# 2026-05-06 18:54:54 WEST: Sample 5 configurations from model
# 2026-05-06 18:54:54 WEST: Computing similarity of configurations . DONE
# 2026-05-06 18:54:54 WEST: Soft restart: 1686 1687 1688 1689 !
# 2026-05-06 18:54:54 WEST: Launch race
# Markers:
     x No test is performed.
     c Configurations are discarded only due to capping.
     - The test is performed and some configurations are discarded.
     = The test is performed but no configuration is discarded.
     ! The test is performed and configurations could be discarded but elite configurations are preserved.
     . Alive configurations were already evaluated on this instance and nothing is discarded.
     : All alive configurations are elite, but some need to be evaluated on this instance.

+-+-----------+-----------+-----------+----------------+-----------+--------+-----+----+------+
| |   Instance|      Alive|       Best|       Mean best| Exp so far|  W time|  rho|KenW|  Qvar|
+-+-----------+-----------+-----------+----------------+-----------+--------+-----+----+------+
|x|         16|          9|          1|     1464.000000|          9|00:02:17|   NA|  NA|    NA|
|x|          1|          9|          1|     805.0000000|         14|00:00:53|+0.00|0.50|0.4444|
|x|          7|          9|          1|     1264.333333|         19|00:01:01|+0.00|0.33|0.2963|
|x|         15|          9|         17|     1227.000000|         24|00:01:01|+0.13|0.35|0.3993|
|-|          9|          7|         17|     1180.400000|         29|00:00:59|-0.10|0.12|0.3850|
|=|          6|          7|         17|     1194.333333|         32|00:00:39|-0.08|0.10|0.3138|
|=|          5|          7|         17|     1165.285714|         35|00:00:45|-0.01|0.13|0.3670|
|=|         13|          7|         17|     1100.000000|         38|00:00:41|+0.04|0.16|0.3981|
|=|          8|          7|         17|     990.7777778|         41|00:00:40|+0.09|0.19|0.4202|
|=|          4|          7|         17|     1038.500000|         44|00:00:40|+0.11|0.20|0.4510|
|-|         10|          4|         17|     974.2727273|         47|00:00:42|+0.01|0.10|0.2804|
|.|         14|          4|         17|     1015.583333|         47|00:00:00|-0.00|0.08|0.3222|
|.|          2|          4|         17|     963.0000000|         47|00:00:00|-0.00|0.07|0.2967|
|.|         12|          4|         17|     999.8571429|         47|00:00:00|-0.00|0.07|0.2749|
|.|         11|          4|         17|     942.9333333|         47|00:00:00|-0.00|0.06|0.2561|
|.|          3|          4|         17|     890.2500000|         47|00:00:00|-0.05|0.02|0.2976|
+-+-----------+-----------+-----------+----------------+-----------+--------+-----+----+------+
# Stopped because number of alive configurations (4) <= minimum number of configurations (4)
Best-so-far configuration:          17    mean value:      890.2500000
Description of the best-so-far configuration:
   .ID. Nit pop_size clone_threshold Nruns .PARENT.
17   17 100       75            0.05    75       NA

# 2026-05-06 19:05:17 WEST: Extracting elites
# 2026-05-06 19:05:17 WEST: Elite configurations (first number is the configuration ID; listed from best to worst according to the sum of ranks):
   .ID. Nit pop_size clone_threshold Nruns .PARENT. .RANK. .WEIGHT.
17   17 100       75            0.05    75       NA   38.0      0.4
1     1 100       50             0.1   100       NA   40.0      0.3
54   54 100       50            0.05   100       NA   40.5      0.2
22   22 100       50            0.05    75       NA   41.5      0.1
# 2026-05-06 19:05:17 WEST: End of iteration 10
# 2026-05-06 19:05:17 WEST: Iteration 11 of 11
# experimentsUsed: 9950
# remainingBudget: 50
# currentBudget: 50
# nbConfigurations: 6
# 2026-05-06 19:05:17 WEST: Update model
# 2026-05-06 19:05:17 WEST: Sample 2 configurations from model
# 2026-05-06 19:05:17 WEST: Computing similarity of configurations . DONE
# 2026-05-06 19:05:17 WEST: Launch race
# Markers:
     x No test is performed.
     c Configurations are discarded only due to capping.
     - The test is performed and some configurations are discarded.
     = The test is performed but no configuration is discarded.
     ! The test is performed and configurations could be discarded but elite configurations are preserved.
     . Alive configurations were already evaluated on this instance and nothing is discarded.
     : All alive configurations are elite, but some need to be evaluated on this instance.

+-+-----------+-----------+-----------+----------------+-----------+--------+-----+----+------+
| |   Instance|      Alive|       Best|       Mean best| Exp so far|  W time|  rho|KenW|  Qvar|
+-+-----------+-----------+-----------+----------------+-----------+--------+-----+----+------+
|x|         17|          6|         17|     146.0000000|          6|00:01:42|   NA|  NA|    NA|
|x|         10|          6|         17|     239.0000000|          8|00:00:29|+0.00|0.50|0.4167|
|x|          2|          6|         17|     270.0000000|         10|00:00:28|+0.42|0.61|0.3303|
|x|          4|          6|         17|     569.5000000|         12|00:00:27|+0.47|0.60|0.3075|
|-|          9|          4|         17|     654.4000000|         14|00:00:30|+0.00|0.20|0.1500|
|.|         13|          4|         17|     652.5000000|         14|00:00:00|+0.00|0.17|0.1250|
|.|         11|          4|         17|     580.1428571|         14|00:00:00|+0.00|0.14|0.1071|
|.|         14|          4|         17|     691.3750000|         14|00:00:00|+0.08|0.20|0.1720|
|.|         16|          4|         17|     777.6666667|         14|00:00:00|+0.19|0.28|0.2022|
|.|          6|          4|         17|     826.3000000|         14|00:00:00|+0.17|0.25|0.1867|
|.|          1|          4|         17|     764.4545455|         14|00:00:00|+0.15|0.23|0.1732|
|.|          8|          4|         17|     710.5000000|         14|00:00:00|+0.01|0.09|0.2526|
|.|          5|          4|         17|     732.0769231|         14|00:00:00|+0.01|0.09|0.2330|
|.|         15|          4|         17|     759.1428571|         14|00:00:00|-0.00|0.07|0.2749|
|.|         12|          4|         17|     807.1333333|         14|00:00:00|-0.00|0.06|0.2561|
|.|          7|          4|         17|     893.1250000|         14|00:00:00|-0.00|0.06|0.2397|
|.|          3|          4|         17|     846.4705882|         14|00:00:00|-0.05|0.02|0.2792|
+-+-----------+-----------+-----------+----------------+-----------+--------+-----+----+------+
# Stopped because number of alive configurations (4) <= minimum number of configurations (4)
Best-so-far configuration:          17    mean value:      846.4705882
Description of the best-so-far configuration:
   .ID. Nit pop_size clone_threshold Nruns .PARENT.
17   17 100       75            0.05    75       NA

# 2026-05-06 19:08:56 WEST: Extracting elites
# 2026-05-06 19:08:56 WEST: Elite configurations (first number is the configuration ID; listed from best to worst according to the sum of ranks):
   .ID. Nit pop_size clone_threshold Nruns .PARENT. .RANK. .WEIGHT.
17   17 100       75            0.05    75       NA   40.5      0.4
1     1 100       50             0.1   100       NA   42.5      0.3
54   54 100       50            0.05   100       NA   43.0      0.2
22   22 100       50            0.05    75       NA   44.0      0.1
# 2026-05-06 19:08:56 WEST: End of iteration 11
# 2026-05-06 19:08:56 WEST: Iteration 12 of 12
# experimentsUsed: 9964
# remainingBudget: 36
# currentBudget: 36
# nbConfigurations: 5
# 2026-05-06 19:08:56 WEST: Update model
# 2026-05-06 19:08:56 WEST: Sample 1 configurations from model
# 2026-05-06 19:08:56 WEST: Computing similarity of configurations . DONE
# 2026-05-06 19:08:56 WEST: Launch race
# Markers:
     x No test is performed.
     c Configurations are discarded only due to capping.
     - The test is performed and some configurations are discarded.
     = The test is performed but no configuration is discarded.
     ! The test is performed and configurations could be discarded but elite configurations are preserved.
     . Alive configurations were already evaluated on this instance and nothing is discarded.
     : All alive configurations are elite, but some need to be evaluated on this instance.

+-+-----------+-----------+-----------+----------------+-----------+--------+-----+----+------+
| |   Instance|      Alive|       Best|       Mean best| Exp so far|  W time|  rho|KenW|  Qvar|
+-+-----------+-----------+-----------+----------------+-----------+--------+-----+----+------+
|x|         18|          5|          1|     213.0000000|          5|00:01:24|   NA|  NA|    NA|
|x|         13|          5|          1|     428.0000000|          6|00:00:13|+0.00|0.50|0.4000|
|x|         12|          5|          1|     778.3333333|          7|00:00:11|+0.00|0.33|0.2667|
|x|          4|          5|          1|     950.7500000|          8|00:00:13|+0.00|0.25|0.2000|
|=|          1|          5|          1|     789.8000000|          9|00:00:15|+0.00|0.20|0.1600|
|=|          2|          5|          1|     713.5000000|         10|00:00:13|+0.05|0.21|0.2533|
|=|         10|          5|          1|     659.0000000|         11|00:00:13|+0.18|0.29|0.2824|
|-|          5|          4|          1|     700.5000000|         12|00:00:13|+0.08|0.20|0.1720|
|.|         16|          4|          1|     785.3333333|         12|00:00:00|+0.19|0.28|0.2022|
|.|          3|          4|          1|     716.8000000|         12|00:00:00|-0.01|0.09|0.3008|
|.|         15|          4|          1|     753.0000000|         12|00:00:00|-0.05|0.04|0.3612|
|.|          6|          4|          1|     795.5833333|         12|00:00:00|-0.05|0.04|0.3294|
|.|          9|          4|          1|     810.8461538|         12|00:00:00|-0.04|0.04|0.3028|
|.|         11|          4|          1|     763.3571429|         12|00:00:00|-0.04|0.03|0.2801|
|.|         14|          4|          1|     810.2666667|         12|00:00:00|-0.02|0.05|0.3025|
|.|         17|          4|          1|     768.7500000|         12|00:00:00|-0.01|0.05|0.2835|
|.|          8|          4|          1|     730.4705882|         12|00:00:00|-0.04|0.02|0.3225|
|.|          7|          4|          1|     811.1666667|         12|00:00:00|-0.04|0.02|0.3039|
+-+-----------+-----------+-----------+----------------+-----------+--------+-----+----+------+
# Stopped because number of alive configurations (4) <= minimum number of configurations (4)
Best configuration for the instances in this race: 1
Best-so-far configuration:          17    mean value:      811.4444444
Description of the best-so-far configuration:
   .ID. Nit pop_size clone_threshold Nruns .PARENT.
17   17 100       75            0.05    75       NA

# 2026-05-06 19:11:55 WEST: Extracting elites
# 2026-05-06 19:11:55 WEST: Elite configurations (first number is the configuration ID; listed from best to worst according to the sum of ranks):
   .ID. Nit pop_size clone_threshold Nruns .PARENT. .RANK. .WEIGHT.
17   17 100       75            0.05    75       NA   43.5      0.4
1     1 100       50             0.1   100       NA   43.5      0.3
54   54 100       50            0.05   100       NA   46.0      0.2
22   22 100       50            0.05    75       NA   47.0      0.1
# 2026-05-06 19:11:55 WEST: End of iteration 12
# 2026-05-06 19:11:55 WEST: Iteration 13 of 13
# experimentsUsed: 9976
# remainingBudget: 24
# currentBudget: 24
# nbConfigurations: 5
# 2026-05-06 19:11:55 WEST: Update model
# 2026-05-06 19:11:55 WEST: Sample 1 configurations from model
# 2026-05-06 19:11:55 WEST: Computing similarity of configurations . DONE
# 2026-05-06 19:11:55 WEST: Launch race
# Markers:
     x No test is performed.
     c Configurations are discarded only due to capping.
     - The test is performed and some configurations are discarded.
     = The test is performed but no configuration is discarded.
     ! The test is performed and configurations could be discarded but elite configurations are preserved.
     . Alive configurations were already evaluated on this instance and nothing is discarded.
     : All alive configurations are elite, but some need to be evaluated on this instance.

+-+-----------+-----------+-----------+----------------+-----------+--------+-----+----+------+
| |   Instance|      Alive|       Best|       Mean best| Exp so far|  W time|  rho|KenW|  Qvar|
+-+-----------+-----------+-----------+----------------+-----------+--------+-----+----+------+
|x|         19|          5|          1|     277.0000000|          5|00:01:37|   NA|  NA|    NA|
|x|         11|          5|          1|     211.5000000|          6|00:00:11|+0.00|0.50|0.4000|
|x|         17|          5|          1|     189.6666667|          7|00:00:12|+0.00|0.33|0.2667|
|x|          9|          5|          1|     390.7500000|          8|00:00:15|+0.00|0.25|0.2000|
|=|          4|          5|          1|     606.2000000|          9|00:00:12|+0.00|0.20|0.1600|
|=|          7|          5|          1|     869.0000000|         10|00:00:13|+0.00|0.17|0.1333|
|=|          3|          5|         54|     759.0000000|         11|00:00:13|+0.00|0.14|0.2349|
|=|          1|          5|         54|     682.3750000|         12|00:00:11|+0.00|0.12|0.2048|
|=|         14|          5|          1|     769.6666667|         13|00:00:15|+0.03|0.14|0.2590|
|=|          5|          5|          1|     791.8000000|         14|00:00:13|+0.05|0.15|0.3004|
|=|         12|          5|          1|     854.2727273|         15|00:00:15|+0.05|0.14|0.2749|
|=|          2|          5|          1|     810.7500000|         16|00:00:14|+0.09|0.17|0.2986|
|-|         18|          4|          1|     764.7692308|         17|00:00:12|+0.06|0.13|0.2166|
|.|         15|          4|          1|     789.7857143|         17|00:00:00|-0.04|0.03|0.2772|
|.|         10|          4|          1|     759.2666667|         17|00:00:00|-0.03|0.03|0.3054|
|.|         13|          4|          1|     752.0000000|         17|00:00:00|-0.03|0.03|0.2859|
|.|         16|          4|          1|     793.8823529|         17|00:00:00|+0.00|0.06|0.3016|
|.|          6|          4|          1|     820.0000000|         17|00:00:00|+0.00|0.06|0.2853|
|.|          8|          4|          1|     783.0526316|         17|00:00:00|-0.03|0.02|0.3235|
+-+-----------+-----------+-----------+----------------+-----------+--------+-----+----+------+
# Stopped because number of alive configurations (4) <= minimum number of configurations (4)
Best-so-far configuration:           1    mean value:      783.0526316
Description of the best-so-far configuration:
  .ID. Nit pop_size clone_threshold Nruns .PARENT.
1    1 100       50             0.1   100       NA

# 2026-05-06 19:16:15 WEST: Extracting elites
# 2026-05-06 19:16:15 WEST: Elite configurations (first number is the configuration ID; listed from best to worst according to the sum of ranks):
   .ID. Nit pop_size clone_threshold Nruns .PARENT. .RANK. .WEIGHT.
1     1 100       50             0.1   100       NA   44.5      0.4
17   17 100       75            0.05    75       NA   47.5      0.3
54   54 100       50            0.05   100       NA   48.5      0.2
22   22 100       50            0.05    75       NA   49.5      0.1
# 2026-05-06 19:16:15 WEST: End of iteration 13
# 2026-05-06 19:16:15 WEST: Stopped because there is not enough budget left to race more than the minimum (4).
# You may either increase the budget or set 'minNbSurvival' to a lower value.
# Iteration: 14
# nbIterations: 14
# experimentsUsed: 9993
# timeUsed: 0
# remainingBudget: 7
# currentBudget: 7
# number of elites: 4
# nbConfigurations: 4
# Total CPU user time: 14455.7, CPU sys time: 1198.228, Wall-clock time: 117105.5
# 2026-05-06 19:16:15 WEST: Starting post-selection:
# Configurations selected: 1, 17, 54, 22.
# Pending instances: 1, 1, 1, 1.
# 2026-05-06 19:16:15 WEST: seed: 12345
# Configurations: 4
# Available experiments: 7
# minSurvival: 1
# Markers:
     x No test is performed.
     c Configurations are discarded only due to capping.
     - The test is performed and some configurations are discarded.
     = The test is performed but no configuration is discarded.
     ! The test is performed and configurations could be discarded but elite configurations are preserved.
     . Alive configurations were already evaluated on this instance and nothing is discarded.
     : All alive configurations are elite, but some need to be evaluated on this instance.

+-+-----------+-----------+-----------+----------------+-----------+--------+-----+----+------+
| |   Instance|      Alive|       Best|       Mean best| Exp so far|  W time|  rho|KenW|  Qvar|
+-+-----------+-----------+-----------+----------------+-----------+--------+-----+----+------+
|.|         10|          4|          1|     332.0000000|          0|00:00:00|   NA|  NA|    NA|
|.|          7|          4|          1|     1257.500000|          0|00:00:00|+0.00|0.50|0.3750|
|.|         13|          4|          1|     1052.666667|          0|00:00:00|+0.00|0.33|0.2500|
|.|          2|          4|          1|     872.5000000|          0|00:00:00|+0.00|0.25|0.1875|
|.|         16|          4|          1|     990.8000000|          0|00:00:00|+0.22|0.38|0.2424|
|.|         14|          4|          1|     1070.166667|          0|00:00:00|+0.30|0.42|0.2602|
|.|          1|          4|          1|     938.1428571|          0|00:00:00|+0.25|0.36|0.2394|
|.|         15|          4|          1|     960.2500000|          0|00:00:00|+0.08|0.19|0.3520|
|.|          9|          4|          1|     964.0000000|          0|00:00:00|+0.07|0.17|0.3154|
|.|          5|          4|          1|     966.7000000|          0|00:00:00|+0.06|0.15|0.2857|
|.|         18|          4|          1|     898.1818182|          0|00:00:00|+0.10|0.18|0.3059|
|.|         12|          4|          1|     946.5833333|          0|00:00:00|+0.09|0.16|0.2833|
|.|         19|          4|          1|     895.0769231|          0|00:00:00|+0.09|0.16|0.3033|
|.|         11|          4|          1|     841.5714286|          0|00:00:00|+0.08|0.15|0.2847|
|.|          6|          4|          1|     869.7333333|          0|00:00:00|+0.07|0.14|0.2681|
|.|         17|          4|          1|     824.5000000|          0|00:00:00|+0.07|0.13|0.2534|
|.|          3|          4|          1|     781.8823529|          0|00:00:00|+0.00|0.06|0.3016|
|.|          4|          4|          1|     820.0000000|          0|00:00:00|+0.00|0.06|0.2853|
|.|          8|          4|          1|     783.0526316|          0|00:00:00|-0.03|0.02|0.3235|
|=|         20|          4|          1|     789.1000000|          4|00:01:25|-0.04|0.01|0.3500|
+-+-----------+-----------+-----------+----------------+-----------+--------+-----+----+------+
# Stopped because experiments for next test (8) > max experiments (7)
Best-so-far configuration:           1    mean value:      789.1000000
Description of the best-so-far configuration:
  .ID. Nit pop_size clone_threshold Nruns .PARENT.
1    1 100       50             0.1   100       NA

# 2026-05-06 19:17:40 WEST: Elite configurations (first number is the configuration ID; listed from best to worst according to the sum of ranks):
   .ID. Nit pop_size clone_threshold Nruns .PARENT. .RANK. .WEIGHT.
1     1 100       50             0.1   100       NA   47.5      0.4
54   54 100       50            0.05   100       NA   50.0      0.3
22   22 100       50            0.05    75       NA   51.0      0.2
17   17 100       75            0.05    75       NA   51.5      0.1
# Total CPU user time: 14461.44, CPU sys time: 1198.709, Wall-clock time: 117191
# Best configurations (first number is the configuration ID; listed from best to worst according to the sum of ranks):
   Nit pop_size clone_threshold Nruns
1  100       50             0.1   100
54 100       50            0.05   100
22 100       50            0.05    75
17 100       75            0.05    75
# Best configurations as commandlines (first number is the configuration ID; listed from best to worst according to the sum of ranks):
1  --Nit 100 --pop_size 50 --clone_threshold 0.1 --Nruns 100
54 --Nit 100 --pop_size 50 --clone_threshold 0.05 --Nruns 100
22 --Nit 100 --pop_size 50 --clone_threshold 0.05 --Nruns 75
17 --Nit 100 --pop_size 75 --clone_threshold 0.05 --Nruns 75


# Testing of elite configurations: 1 
# Testing iteration configurations: FALSE 
# 2026-05-06 19:17:41 WEST: No test instances, skip testing
