#------------------------------------------------------------------------------
# irace: An implementation in R of (Elitist) Iterated Racing
# Version: 4.4.1.ccb6607
# Copyright (C) 2010-2025
# Manuel Lopez-Ibanez     <manuel.lopez-ibanez@manchester.ac.uk>
# Jeremie Dubois-Lacoste
# Leslie Perez Caceres    <leslie.perez.caceres@ulb.ac.be>
#
# This is free software, and you are welcome to redistribute it under certain
# conditions.  See the GNU General Public License for details. There is NO
# WARRANTY; not even for MERCHANTABILITY or FITNESS FOR A PARTICULAR PURPOSE.
#
# irace builds upon previous code from the race package:
#     race: Racing methods for the selection of the best
#     Copyright (C) 2003 Mauro Birattari
#------------------------------------------------------------------------------
# installed at: /home/nuno/R/libs/irace
# called with: 
# 2026-04-23 16:38:13 WEST: Reading parameter file '/home/nuno/DrWatsonProjects/SoftIdea/irace_ssm_sa/parameters.txt'.
# 2026-04-23 16:38:13 WEST: 1 expression(s) specifying forbidden configurations read.
# --- Parameters Hierarchy ---
  Parameter Level Depends.on
1        T0     1         T0
2        Tf     1         Tf
3       Nit     1        Nit
# ------------------------
## irace scenario:
scenarioFile = "/home/nuno/DrWatsonProjects/SoftIdea/irace_ssm_sa/scenario.txt"
execDir = "/home/nuno/DrWatsonProjects/SoftIdea/irace_ssm_sa"
parameterFile = "/home/nuno/DrWatsonProjects/SoftIdea/irace_ssm_sa/parameters.txt"
parameters = <environment>
initConfigurations = NULL
configurationsFile = ""
logFile = "/home/nuno/DrWatsonProjects/SoftIdea/irace_ssm_sa/irace.Rdata"
recoveryFile = ""
instances = c("/home/nuno/DrWatsonProjects/SoftIdea/irace_ssm_sa/instances/H_O1_n1_4p.jl", "/home/nuno/DrWatsonProjects/SoftIdea/irace_ssm_sa/instances/H_O1_n2_2p.jl", "/home/nuno/DrWatsonProjects/SoftIdea/irace_ssm_sa/instances/H_O2_n3_2p.jl", "/home/nuno/DrWatsonProjects/SoftIdea/irace_ssm_sa/instances/H_O3_n1_2p.jl", "/home/nuno/DrWatsonProjects/SoftIdea/irace_ssm_sa/instances/H_O3_n2_3p.jl")
trainInstancesDir = ""
trainInstancesFile = "/home/nuno/DrWatsonProjects/SoftIdea/irace_ssm_sa/instances.txt"
sampleInstances = TRUE
testInstancesDir = ""
testInstancesFile = ""
testInstances = NULL
testNbElites = 1L
testIterationElites = FALSE
testType = "friedman"
firstTest = 5L
blockSize = 1L
eachTest = 1L
targetRunner = "/home/nuno/DrWatsonProjects/SoftIdea/irace_ssm_sa/target-runner"
targetRunnerLauncher = ""
targetCmdline = "{configurationID} {instanceID} {seed} {instance} {bound} {targetRunnerArgs}"
targetRunnerRetries = 0L
targetRunnerTimeout = 0L
targetRunnerData = ""
targetRunnerParallel = NULL
targetEvaluator = NULL
deterministic = FALSE
maxExperiments = 500L
minExperiments = NA_character_
maxTime = 0L
budgetEstimation = 0.05
minMeasurableTime = 0.01
parallel = 0L
loadBalancing = TRUE
mpi = FALSE
batchmode = "0"
quiet = FALSE
debugLevel = 1L
seed = 12345L
softRestart = TRUE
softRestartThreshold = 1e-04
elitist = TRUE
elitistNewInstances = 1L
elitistLimit = 2L
repairConfiguration = NULL
capping = FALSE
cappingAfterFirstTest = FALSE
cappingType = "median"
boundType = "candidate"
boundMax = NULL
boundDigits = 0L
boundPar = 1L
boundAsTimeout = TRUE
postselection = TRUE
aclib = FALSE
nbIterations = 0L
nbExperimentsPerIteration = 0L
minNbSurvival = 0L
nbConfigurations = 0L
mu = 5L
confidence = 0.95
## end of irace scenario
# 2026-04-23 16:38:13 WEST: Initialization
# Elitist race
# Elitist new instances: 1
# Elitist limit: 2
# nbIterations: 3
# minNbSurvival: 3
# nbParameters: 3
# seed: 12345
# confidence level: 0.95
# budget: 500
# mu: 5
# deterministic: FALSE

# 2026-04-23 16:38:13 WEST: Iteration 1 of 3
# experimentsUsed: 0
# remainingBudget: 500
# currentBudget: 166
# nbConfigurations: 27
# 2026-04-23 16:38:13 WEST: Sample 27 configurations from Sobol distribution
# 2026-04-23 16:38:13 WEST: Launch race
# Markers:
     x No test is performed.
     c Configurations are discarded only due to capping.
     - The test is performed and some configurations are discarded.
     = The test is performed but no configuration is discarded.
     ! The test is performed and configurations could be discarded but elite configurations are preserved.
     . Alive configurations were already evaluated on this instance and nothing is discarded.
     : All alive configurations are elite, but some need to be evaluated on this instance.

+-+-----------+-----------+-----------+----------------+-----------+--------+-----+----+------+
| |   Instance|      Alive|       Best|       Mean best| Exp so far|  W time|  rho|KenW|  Qvar|
+-+-----------+-----------+-----------+----------------+-----------+--------+-----+----+------+
|x|          1|         27|          1|     2183.000000|         27|11:42:31|   NA|  NA|    NA|
|x|          2|         27|          1|     1413.000000|         54|01:20:44|+1.00|1.00|0.0000|
|x|          3|         27|          1|     1013.000000|         81|02:17:39|+0.00|0.33|0.3210|
|x|          4|         27|          1|     868.5000000|        108|03:43:14|+0.33|0.50|0.3210|
|=|          5|         27|          4|     718.6000000|        135|00:11:17|+0.11|0.29|0.4411|
|=|          6|         27|          4|     634.3333333|        162|02:04:37|+0.09|0.24|0.3903|
+-+-----------+-----------+-----------+----------------+-----------+--------+-----+----+------+
# Stopped because experiments for next test (189) > max experiments (166)
Best-so-far configuration:           4    mean value:      634.3333333
Description of the best-so-far configuration:
  .ID.     T0     Tf Nit .PARENT.
4    4 4.5479 0.0373 150       NA

# 2026-04-24 13:58:17 WEST: Extracting elites
# 2026-04-24 13:58:17 WEST: Elite configurations (first number is the configuration ID; listed from best to worst according to the sum of ranks):
  .ID.     T0     Tf Nit .PARENT. .RANK.          .WEIGHT.
4    4 4.5479 0.0373 150       NA   74.5 0.500000000000000
6    6 6.9854 0.0249  87       NA   74.5 0.333333333333333
7    7 2.1104 0.0992 112       NA   74.5 0.166666666666667
# 2026-04-24 13:58:17 WEST: Initialise model
# 2026-04-24 13:58:17 WEST: End of iteration 1
# 2026-04-24 13:58:17 WEST: Iteration 2 of 3
# experimentsUsed: 162
# remainingBudget: 338
# currentBudget: 169
# nbConfigurations: 26
# 2026-04-24 13:58:17 WEST: Update model
# 2026-04-24 13:58:17 WEST: Sample 23 configurations from model
# 2026-04-24 13:58:17 WEST: Computing similarity of configurations .......................... DONE
# 2026-04-24 13:58:17 WEST: Launch race
# Markers:
     x No test is performed.
     c Configurations are discarded only due to capping.
     - The test is performed and some configurations are discarded.
     = The test is performed but no configuration is discarded.
     ! The test is performed and configurations could be discarded but elite configurations are preserved.
     . Alive configurations were already evaluated on this instance and nothing is discarded.
     : All alive configurations are elite, but some need to be evaluated on this instance.

+-+-----------+-----------+-----------+----------------+-----------+--------+-----+----+------+
| |   Instance|      Alive|       Best|       Mean best| Exp so far|  W time|  rho|KenW|  Qvar|
+-+-----------+-----------+-----------+----------------+-----------+--------+-----+----+------+
|x|          7|         26|          4|     119.0000000|         26|00:12:06|   NA|  NA|    NA|
|x|          1|         26|          4|     1151.000000|         49|10:29:40|+0.00|0.50|0.4808|
|x|          6|         26|          4|     838.3333333|         72|02:02:52|+0.00|0.33|0.3205|
|x|          5|         26|          4|     658.5000000|         95|00:11:04|+0.13|0.35|0.4039|
|=|          2|         26|          4|     655.4000000|        118|01:13:54|+0.10|0.28|0.3385|
|-|          3|         23|          4|     581.6666667|        141|02:04:19|-0.03|0.14|0.3273|
|=|          4|         23|          4|     560.7142857|        161|03:20:41|-0.04|0.11|0.4230|
+-+-----------+-----------+-----------+----------------+-----------+--------+-----+----+------+
# Stopped because experiments for next test (184) > max experiments (169)
Best-so-far configuration:           4    mean value:      560.7142857
Description of the best-so-far configuration:
  .ID.     T0     Tf Nit .PARENT.
4    4 4.5479 0.0373 150       NA

# 2026-04-25 09:32:56 WEST: Extracting elites
# 2026-04-25 09:32:56 WEST: Elite configurations (first number is the configuration ID; listed from best to worst according to the sum of ranks):
   .ID.     T0     Tf Nit .PARENT. .RANK.          .WEIGHT.
4     4 4.5479 0.0373 150       NA   80.5 0.500000000000000
7     7 2.1104 0.0992 112       NA   80.5 0.333333333333333
28   28 2.2962 0.0924 104        7   80.5 0.166666666666667
# 2026-04-25 09:32:56 WEST: End of iteration 2
# 2026-04-25 09:32:56 WEST: Iteration 3 of 3
# experimentsUsed: 323
# remainingBudget: 177
# currentBudget: 177
# nbConfigurations: 24
# 2026-04-25 09:32:56 WEST: Update model
# 2026-04-25 09:32:56 WEST: Sample 21 configurations from model
# 2026-04-25 09:32:56 WEST: Computing similarity of configurations ........................ DONE
# 2026-04-25 09:32:56 WEST: Launch race
# Markers:
     x No test is performed.
     c Configurations are discarded only due to capping.
     - The test is performed and some configurations are discarded.
     = The test is performed but no configuration is discarded.
     ! The test is performed and configurations could be discarded but elite configurations are preserved.
     . Alive configurations were already evaluated on this instance and nothing is discarded.
     : All alive configurations are elite, but some need to be evaluated on this instance.

+-+-----------+-----------+-----------+----------------+-----------+--------+-----+----+------+
| |   Instance|      Alive|       Best|       Mean best| Exp so far|  W time|  rho|KenW|  Qvar|
+-+-----------+-----------+-----------+----------------+-----------+--------+-----+----+------+
|x|          8|         24|          4|     2183.000000|         24|11:30:33|   NA|  NA|    NA|
|x|          4|         24|          4|     1309.000000|         45|03:40:15|+0.00|0.50|0.4792|
|x|          5|         24|          4|     912.3333333|         66|00:11:57|+0.00|0.33|0.3194|
|x|          3|         24|          4|     737.5000000|         87|02:05:47|-0.01|0.24|0.4861|
|=|          6|         24|          4|     632.6000000|        108|02:15:17|-0.01|0.19|0.3875|
|=|          1|         24|          4|     891.0000000|        129|10:32:15|-0.01|0.16|0.3222|
|=|          2|         24|          4|     855.5714286|        150|01:25:53|-0.01|0.14|0.2758|
|=|          7|         24|          4|     763.5000000|        171|00:13:06|-0.01|0.12|0.2411|
+-+-----------+-----------+-----------+----------------+-----------+--------+-----+----+------+
# Stopped because experiments for next test (195) > max experiments (177)
Best-so-far configuration:           4    mean value:      763.5000000
Description of the best-so-far configuration:
  .ID.     T0     Tf Nit .PARENT.
4    4 4.5479 0.0373 150       NA

# 2026-04-26 17:28:04 WEST: Extracting elites
# 2026-04-26 17:28:04 WEST: Elite configurations (first number is the configuration ID; listed from best to worst according to the sum of ranks):
   .ID.     T0     Tf Nit .PARENT. .RANK.          .WEIGHT.
4     4 4.5479 0.0373 150       NA     99 0.500000000000000
7     7 2.1104 0.0992 112       NA     99 0.333333333333333
28   28 2.2962 0.0924 104        7     99 0.166666666666667
# 2026-04-26 17:28:04 WEST: End of iteration 3
# 2026-04-26 17:28:04 WEST: Stopped because there is not enough budget left to race more than the minimum (3).
# You may either increase the budget or set 'minNbSurvival' to a lower value.
# Iteration: 4
# nbIterations: 4
# experimentsUsed: 494
# timeUsed: 0
# remainingBudget: 6
# currentBudget: 6
# number of elites: 3
# nbConfigurations: 3
# Total CPU user time: 716.681, CPU sys time: 54.356, Wall-clock time: 262191.7
# 2026-04-26 17:28:04 WEST: Starting post-selection:
# Configurations selected: 4, 7, 28, 51, 52, 53.
# Pending instances: 0, 0, 0, 0, 0, 0.
# 2026-04-26 17:28:04 WEST: seed: 12345
# Configurations: 6
# Available experiments: 6
# minSurvival: 1
# Markers:
     x No test is performed.
     c Configurations are discarded only due to capping.
     - The test is performed and some configurations are discarded.
     = The test is performed but no configuration is discarded.
     ! The test is performed and configurations could be discarded but elite configurations are preserved.
     . Alive configurations were already evaluated on this instance and nothing is discarded.
     : All alive configurations are elite, but some need to be evaluated on this instance.

+-+-----------+-----------+-----------+----------------+-----------+--------+-----+----+------+
| |   Instance|      Alive|       Best|       Mean best| Exp so far|  W time|  rho|KenW|  Qvar|
+-+-----------+-----------+-----------+----------------+-----------+--------+-----+----+------+
|.|          6|          6|          4|     213.0000000|          0|00:00:00|   NA|  NA|    NA|
|.|          2|          6|          4|     428.0000000|          0|00:00:00|+1.00|1.00|0.0000|
|.|          1|          6|          4|     1013.000000|          0|00:00:00|+1.00|1.00|0.0000|
|.|          8|          6|          4|     1305.500000|          0|00:00:00|+1.00|1.00|0.0000|
|.|          4|          6|          4|     1131.400000|          0|00:00:00|+0.00|0.20|0.1667|
|.|          7|          6|          4|     962.6666667|          0|00:00:00|+0.00|0.17|0.1389|
|.|          3|          6|          4|     855.5714286|          0|00:00:00|+0.00|0.14|0.1190|
|.|          5|          6|          4|     763.5000000|          0|00:00:00|+0.00|0.12|0.1042|
|=|          9|          6|          4|     727.3333333|          6|01:07:52|+0.00|0.11|0.0926|
+-+-----------+-----------+-----------+----------------+-----------+--------+-----+----+------+
# Stopped because experiments for next test (12) > max experiments (6)
Best-so-far configuration:           4    mean value:      727.3333333
Description of the best-so-far configuration:
  .ID.     T0     Tf Nit .PARENT.
4    4 4.5479 0.0373 150       NA

# 2026-04-26 18:35:57 WEST: Elite configurations (first number is the configuration ID; listed from best to worst according to the sum of ranks):
   .ID.     T0     Tf Nit .PARENT. .RANK.          .WEIGHT.
4     4 4.5479 0.0373 150       NA     31 0.500000000000000
7     7 2.1104 0.0992 112       NA     31 0.333333333333333
28   28 2.2962 0.0924 104        7     31 0.166666666666667
# Total CPU user time: 725.415, CPU sys time: 55.023, Wall-clock time: 266264.6
# Best configurations (first number is the configuration ID; listed from best to worst according to the sum of ranks):
       T0     Tf Nit
4  4.5479 0.0373 150
7  2.1104 0.0992 112
28 2.2962 0.0924 104
# Best configurations as commandlines (first number is the configuration ID; listed from best to worst according to the sum of ranks):
4  --T0 4.5479 --Tf 0.0373 --Nit 150
7  --T0 2.1104 --Tf 0.0992 --Nit 112
28 --T0 2.2962 --Tf 0.0924 --Nit 104


# Testing of elite configurations: 1 
# Testing iteration configurations: FALSE 
# 2026-04-26 18:35:57 WEST: No test instances, skip testing
