#------------------------------------------------------------------------------
# irace: An implementation in R of (Elitist) Iterated Racing
# Version: 4.4.1.ccb6607
# Copyright (C) 2010-2025
# Manuel Lopez-Ibanez     <manuel.lopez-ibanez@manchester.ac.uk>
# Jeremie Dubois-Lacoste
# Leslie Perez Caceres    <leslie.perez.caceres@ulb.ac.be>
#
# This is free software, and you are welcome to redistribute it under certain
# conditions.  See the GNU General Public License for details. There is NO
# WARRANTY; not even for MERCHANTABILITY or FITNESS FOR A PARTICULAR PURPOSE.
#
# irace builds upon previous code from the race package:
#     race: Racing methods for the selection of the best
#     Copyright (C) 2003 Mauro Birattari
#------------------------------------------------------------------------------
# installed at: /home/nuno/R/libs/irace
# called with: 
Warning: == irace == A default scenario file '/home/nuno/DrWatsonProjects/SoftIdea/irace_sa/scenario.txt' has been found and will be read.
# 2026-04-21 19:57:24 WEST: Reading parameter file '/home/nuno/DrWatsonProjects/SoftIdea/irace_sa/parameters.txt'.
# 2026-04-21 19:57:24 WEST: 1 expression(s) specifying forbidden configurations read.
# --- Parameters Hierarchy ---
  Parameter Level Depends.on
1        T0     1         T0
2        Tf     1         Tf
3       Nit     1        Nit
4        Tj     1         Tj
5     Nruns     1      Nruns
# ------------------------
## irace scenario:
scenarioFile = "/home/nuno/DrWatsonProjects/SoftIdea/irace_sa/scenario.txt"
execDir = "/home/nuno/DrWatsonProjects/SoftIdea/irace_sa"
parameterFile = "/home/nuno/DrWatsonProjects/SoftIdea/irace_sa/parameters.txt"
parameters = <environment>
initConfigurations = NULL
configurationsFile = ""
logFile = "/home/nuno/DrWatsonProjects/SoftIdea/irace_sa/irace.Rdata"
recoveryFile = ""
instances = c("/home/nuno/DrWatsonProjects/SoftIdea/irace_sa/instances/H_O1_n1_2p.jl", "/home/nuno/DrWatsonProjects/SoftIdea/irace_sa/instances/H_O1_n1_3p.jl", "/home/nuno/DrWatsonProjects/SoftIdea/irace_sa/instances/H_O1_n1_4p.jl", "/home/nuno/DrWatsonProjects/SoftIdea/irace_sa/instances/H_O1_n1_5p.jl", "/home/nuno/DrWatsonProjects/SoftIdea/irace_sa/instances/H_O1_n2_2p.jl", "/home/nuno/DrWatsonProjects/SoftIdea/irace_sa/instances/H_O1_n2_3p.jl", "/home/nuno/DrWatsonProjects/SoftIdea/irace_sa/instances/H_O1_n2_4p.jl", "/home/nuno/DrWatsonProjects/SoftIdea/irace_sa/instances/H_O1_n2_5p.jl", "/home/nuno/DrWatsonProjects/SoftIdea/irace_sa/instances/H_O1_n3_2p.jl", "/home/nuno/DrWatsonProjects/SoftIdea/irace_sa/instances/H_O1_n3_3p.jl", "/home/nuno/DrWatsonProjects/SoftIdea/irace_sa/instances/H_O1_n3_4p.jl", "/home/nuno/DrWatsonProjects/SoftIdea/irace_sa/instances/H_O1_n3_5p.jl", "/home/nuno/DrWatsonProjects/SoftIdea/irace_sa/instances/H_O1_n4_2p.jl", "/home/nuno/DrWatsonProjects/SoftIdea/irace_sa/instances/H_O1_n4_3p.jl", "/home/nuno/DrWatsonProjects/SoftIdea/irace_sa/instances/H_O1_n4_4p.jl", "/home/nuno/DrWatsonProjects/SoftIdea/irace_sa/instances/H_O1_n4_5p.jl", "/home/nuno/DrWatsonProjects/SoftIdea/irace_sa/instances/H_O1_n5_2p.jl", "/home/nuno/DrWatsonProjects/SoftIdea/irace_sa/instances/H_O1_n5_3p.jl", "/home/nuno/DrWatsonProjects/SoftIdea/irace_sa/instances/H_O1_n5_4p.jl", "/home/nuno/DrWatsonProjects/SoftIdea/irace_sa/instances/H_O1_n5_5p.jl", "/home/nuno/DrWatsonProjects/SoftIdea/irace_sa/instances/H_O2_n1_2p.jl", "/home/nuno/DrWatsonProjects/SoftIdea/irace_sa/instances/H_O2_n1_3p.jl", "/home/nuno/DrWatsonProjects/SoftIdea/irace_sa/instances/H_O2_n1_4p.jl", "/home/nuno/DrWatsonProjects/SoftIdea/irace_sa/instances/H_O2_n1_5p.jl", "/home/nuno/DrWatsonProjects/SoftIdea/irace_sa/instances/H_O2_n2_2p.jl", "/home/nuno/DrWatsonProjects/SoftIdea/irace_sa/instances/H_O2_n2_3p.jl", "/home/nuno/DrWatsonProjects/SoftIdea/irace_sa/instances/H_O2_n2_4p.jl", "/home/nuno/DrWatsonProjects/SoftIdea/irace_sa/instances/H_O2_n2_5p.jl", "/home/nuno/DrWatsonProjects/SoftIdea/irace_sa/instances/H_O2_n3_2p.jl", "/home/nuno/DrWatsonProjects/SoftIdea/irace_sa/instances/H_O2_n3_3p.jl", "/home/nuno/DrWatsonProjects/SoftIdea/irace_sa/instances/H_O2_n3_4p.jl", "/home/nuno/DrWatsonProjects/SoftIdea/irace_sa/instances/H_O2_n3_5p.jl", "/home/nuno/DrWatsonProjects/SoftIdea/irace_sa/instances/H_O2_n4_2p.jl", "/home/nuno/DrWatsonProjects/SoftIdea/irace_sa/instances/H_O2_n4_3p.jl", "/home/nuno/DrWatsonProjects/SoftIdea/irace_sa/instances/H_O2_n4_4p.jl", "/home/nuno/DrWatsonProjects/SoftIdea/irace_sa/instances/H_O2_n4_5p.jl", "/home/nuno/DrWatsonProjects/SoftIdea/irace_sa/instances/H_O2_n5_2p.jl", "/home/nuno/DrWatsonProjects/SoftIdea/irace_sa/instances/H_O2_n5_3p.jl", "/home/nuno/DrWatsonProjects/SoftIdea/irace_sa/instances/H_O2_n5_4p.jl", "/home/nuno/DrWatsonProjects/SoftIdea/irace_sa/instances/H_O2_n5_5p.jl", "/home/nuno/DrWatsonProjects/SoftIdea/irace_sa/instances/H_O3_n1_2p.jl", "/home/nuno/DrWatsonProjects/SoftIdea/irace_sa/instances/H_O3_n1_3p.jl", "/home/nuno/DrWatsonProjects/SoftIdea/irace_sa/instances/H_O3_n1_4p.jl", "/home/nuno/DrWatsonProjects/SoftIdea/irace_sa/instances/H_O3_n1_5p.jl", "/home/nuno/DrWatsonProjects/SoftIdea/irace_sa/instances/H_O3_n2_2p.jl", "/home/nuno/DrWatsonProjects/SoftIdea/irace_sa/instances/H_O3_n2_3p.jl", "/home/nuno/DrWatsonProjects/SoftIdea/irace_sa/instances/H_O3_n2_4p.jl", "/home/nuno/DrWatsonProjects/SoftIdea/irace_sa/instances/H_O3_n2_5p.jl", "/home/nuno/DrWatsonProjects/SoftIdea/irace_sa/instances/H_O3_n3_2p.jl", "/home/nuno/DrWatsonProjects/SoftIdea/irace_sa/instances/H_O3_n3_3p.jl", "/home/nuno/DrWatsonProjects/SoftIdea/irace_sa/instances/H_O3_n3_4p.jl", "/home/nuno/DrWatsonProjects/SoftIdea/irace_sa/instances/H_O3_n3_5p.jl", "/home/nuno/DrWatsonProjects/SoftIdea/irace_sa/instances/H_O3_n4_2p.jl", "/home/nuno/DrWatsonProjects/SoftIdea/irace_sa/instances/H_O3_n4_3p.jl", "/home/nuno/DrWatsonProjects/SoftIdea/irace_sa/instances/H_O3_n4_4p.jl", "/home/nuno/DrWatsonProjects/SoftIdea/irace_sa/instances/H_O3_n4_5p.jl", "/home/nuno/DrWatsonProjects/SoftIdea/irace_sa/instances/H_O3_n5_2p.jl", "/home/nuno/DrWatsonProjects/SoftIdea/irace_sa/instances/H_O3_n5_3p.jl", "/home/nuno/DrWatsonProjects/SoftIdea/irace_sa/instances/H_O3_n5_4p.jl", "/home/nuno/DrWatsonProjects/SoftIdea/irace_sa/instances/H_O3_n5_5p.jl")
trainInstancesDir = ""
trainInstancesFile = "/home/nuno/DrWatsonProjects/SoftIdea/irace_sa/instances.txt"
sampleInstances = TRUE
testInstancesDir = ""
testInstancesFile = ""
testInstances = NULL
testNbElites = 1L
testIterationElites = FALSE
testType = "friedman"
firstTest = 5L
blockSize = 1L
eachTest = 1L
targetRunner = "/home/nuno/DrWatsonProjects/SoftIdea/irace_sa/target-runner"
targetRunnerLauncher = ""
targetCmdline = "{configurationID} {instanceID} {seed} {instance} {bound} {targetRunnerArgs}"
targetRunnerRetries = 0L
targetRunnerTimeout = 0L
targetRunnerData = ""
targetRunnerParallel = NULL
targetEvaluator = NULL
deterministic = FALSE
maxExperiments = 10000L
minExperiments = NA_character_
maxTime = 0L
budgetEstimation = 0.05
minMeasurableTime = 0.01
parallel = 0L
loadBalancing = TRUE
mpi = FALSE
batchmode = "0"
quiet = FALSE
debugLevel = 1L
seed = 12345L
softRestart = TRUE
softRestartThreshold = 1e-04
elitist = TRUE
elitistNewInstances = 1L
elitistLimit = 2L
repairConfiguration = NULL
capping = FALSE
cappingAfterFirstTest = FALSE
cappingType = "median"
boundType = "candidate"
boundMax = NULL
boundDigits = 0L
boundPar = 1L
boundAsTimeout = TRUE
postselection = TRUE
aclib = FALSE
nbIterations = 0L
nbExperimentsPerIteration = 0L
minNbSurvival = 0L
nbConfigurations = 0L
mu = 5L
confidence = 0.95
## end of irace scenario
# 2026-04-21 19:57:24 WEST: Initialization
# Elitist race
# Elitist new instances: 1
# Elitist limit: 2
# nbIterations: 4
# minNbSurvival: 4
# nbParameters: 5
# seed: 12345
# confidence level: 0.95
# budget: 10000
# mu: 5
# deterministic: FALSE

# 2026-04-21 19:57:24 WEST: Iteration 1 of 4
# experimentsUsed: 0
# remainingBudget: 10000
# currentBudget: 2500
# nbConfigurations: 416
# 2026-04-21 19:57:24 WEST: Sample 416 configurations from Sobol distribution
# 2026-04-21 19:57:24 WEST: Launch race
# Markers:
     x No test is performed.
     c Configurations are discarded only due to capping.
     - The test is performed and some configurations are discarded.
     = The test is performed but no configuration is discarded.
     ! The test is performed and configurations could be discarded but elite configurations are preserved.
     . Alive configurations were already evaluated on this instance and nothing is discarded.
     : All alive configurations are elite, but some need to be evaluated on this instance.

+-+-----------+-----------+-----------+----------------+-----------+--------+-----+----+------+
| |   Instance|      Alive|       Best|       Mean best| Exp so far|  W time|  rho|KenW|  Qvar|
+-+-----------+-----------+-----------+----------------+-----------+--------+-----+----+------+
|x|          1|        416|          1|     146.0000000|        416|00:19:29|   NA|  NA|    NA|
|x|          2|        416|         52|     238.5000000|        832|00:21:27|+0.47|0.73|0.3562|
|x|          3|        416|         52|     191.3333333|       1248|00:20:46|+0.52|0.68|0.3450|
|x|          4|        416|         52|     510.5000000|       1664|00:21:24|+0.47|0.60|0.3844|
|-|          5|        196|         52|     606.6000000|       2080|00:22:56|-0.01|0.19|0.8137|
|=|          6|        196|         52|     716.1666667|       2276|00:14:03|-0.01|0.16|0.6751|
|=|          7|        196|         52|     925.7142857|       2472|00:14:38|+0.02|0.16|0.6977|
+-+-----------+-----------+-----------+----------------+-----------+--------+-----+----+------+
# Stopped because experiments for next test (2668) > max experiments (2500)
Best-so-far configuration:          52    mean value:      925.7142857
Description of the best-so-far configuration:
   .ID.      T0     Tf  Nit Tj Nruns .PARENT.
52   52 29.0816 0.2783 1561 14   155       NA

# 2026-04-21 22:12:10 WEST: Extracting elites
# 2026-04-21 22:12:10 WEST: Elite configurations (first number is the configuration ID; listed from best to worst according to the sum of ranks):
    .ID.      T0     Tf  Nit Tj Nruns .PARENT. .RANK. .WEIGHT.
52    52 29.0816 0.2783 1561 14   155       NA  524.5      0.4
114  114 19.4137 0.9892 1942  5   185       NA  524.5      0.3
137  137 33.9156 0.0244 1584  9   117       NA  524.5      0.2
232  232 48.2242 0.0791 1995 13   181       NA  524.5      0.1
# 2026-04-21 22:12:10 WEST: Initialise model
# 2026-04-21 22:12:10 WEST: End of iteration 1
# 2026-04-21 22:12:10 WEST: Iteration 2 of 4
# experimentsUsed: 2472
# remainingBudget: 7528
# currentBudget: 2509
# nbConfigurations: 317
# 2026-04-21 22:12:10 WEST: Update model
# 2026-04-21 22:12:10 WEST: Sample 313 configurations from model
# 2026-04-21 22:12:10 WEST: Computing similarity of configurations ............................................................................................................................................................................................................................................................................................................................. DONE
# 2026-04-21 22:12:10 WEST: Launch race
# Markers:
     x No test is performed.
     c Configurations are discarded only due to capping.
     - The test is performed and some configurations are discarded.
     = The test is performed but no configuration is discarded.
     ! The test is performed and configurations could be discarded but elite configurations are preserved.
     . Alive configurations were already evaluated on this instance and nothing is discarded.
     : All alive configurations are elite, but some need to be evaluated on this instance.

+-+-----------+-----------+-----------+----------------+-----------+--------+-----+----+------+
| |   Instance|      Alive|       Best|       Mean best| Exp so far|  W time|  rho|KenW|  Qvar|
+-+-----------+-----------+-----------+----------------+-----------+--------+-----+----+------+
|x|          8|        317|        232|     114.0000000|        317|00:29:14|   NA|  NA|    NA|
|x|          6|        317|        232|     689.0000000|        630|00:28:49|+0.00|0.50|0.4984|
|x|          3|        317|        232|     491.6666667|        943|00:28:04|+0.09|0.39|0.6204|
|x|          5|        317|        232|     616.5000000|       1256|00:30:19|+0.04|0.28|0.7398|
|-|          2|        217|        232|     559.4000000|       1569|00:30:38|-0.09|0.13|0.8757|
|=|          7|        217|        232|     830.0000000|       1782|00:22:05|-0.08|0.10|0.8913|
|=|          4|        217|        232|     921.1428571|       1995|00:20:37|-0.05|0.10|0.8936|
|=|          1|        217|        232|     824.2500000|       2208|00:20:28|-0.04|0.09|0.7769|
|=|          9|        217|        232|     842.7777778|       2425|00:24:11|-0.03|0.09|0.7901|
+-+-----------+-----------+-----------+----------------+-----------+--------+-----+----+------+
# Stopped because experiments for next test (2642) > max experiments (2509)
Best-so-far configuration:         232    mean value:      842.7777778
Description of the best-so-far configuration:
    .ID.      T0     Tf  Nit Tj Nruns .PARENT.
232  232 48.2242 0.0791 1995 13   181       NA

# 2026-04-22 02:06:38 WEST: Extracting elites
# 2026-04-22 02:06:38 WEST: Elite configurations (first number is the configuration ID; listed from best to worst according to the sum of ranks):
    .ID.      T0     Tf  Nit Tj Nruns .PARENT. .RANK. .WEIGHT.
232  232 48.2242 0.0791 1995 13   181       NA  683.5      0.4
429  429 30.2925 0.1215 1435 16   199       52  780.0      0.3
438  438 30.2333 0.2316 1940 11   111      137  780.0      0.2
476  476 45.7853 0.1978 1945 10   155      232  780.0      0.1
# 2026-04-22 02:06:38 WEST: End of iteration 2
# 2026-04-22 02:06:38 WEST: Iteration 3 of 4
# experimentsUsed: 4897
# remainingBudget: 5103
# currentBudget: 2551
# nbConfigurations: 258
# 2026-04-22 02:06:38 WEST: Update model
# 2026-04-22 02:06:38 WEST: Sample 254 configurations from model
# 2026-04-22 02:06:38 WEST: Computing similarity of configurations .................................................................................................................................................................................................................................................................. DONE
# 2026-04-22 02:06:38 WEST: Launch race
# Markers:
     x No test is performed.
     c Configurations are discarded only due to capping.
     - The test is performed and some configurations are discarded.
     = The test is performed but no configuration is discarded.
     ! The test is performed and configurations could be discarded but elite configurations are preserved.
     . Alive configurations were already evaluated on this instance and nothing is discarded.
     : All alive configurations are elite, but some need to be evaluated on this instance.

+-+-----------+-----------+-----------+----------------+-----------+--------+-----+----+------+
| |   Instance|      Alive|       Best|       Mean best| Exp so far|  W time|  rho|KenW|  Qvar|
+-+-----------+-----------+-----------+----------------+-----------+--------+-----+----+------+
|x|         10|        258|        232|     331.0000000|        258|00:28:14|   NA|  NA|    NA|
|x|          7|        258|        232|     1257.000000|        512|00:29:31|+0.01|0.50|0.9811|
|x|          2|        258|        232|     948.3333333|        766|00:29:26|+0.05|0.37|0.9390|
|x|          9|        258|        232|     959.0000000|       1020|00:31:32|+0.05|0.29|0.9462|
|=|          4|        258|        232|     1060.800000|       1274|00:27:32|+0.03|0.23|0.9676|
|-|          3|         66|        232|     900.1666667|       1528|00:28:03|-0.16|0.04|0.7471|
|=|          8|         66|        232|     787.8571429|       1590|00:07:19|-0.10|0.06|0.7676|
|=|          5|         66|        232|     813.2500000|       1652|00:07:24|-0.08|0.06|0.7813|
|=|          6|         66|        232|     863.3333333|       1714|00:07:15|-0.07|0.05|0.6898|
|=|          1|         66|        232|     791.6000000|       1776|00:06:50|-0.06|0.04|0.6175|
|=|         11|         66|        232|     732.9090909|       1842|00:07:17|-0.06|0.04|0.5589|
+-+-----------+-----------+-----------+----------------+-----------+--------+-----+----+------+
# Stopped because tests without elimination (2) >= elitistLimit (2)
Best-so-far configuration:         232    mean value:      732.9090909
Description of the best-so-far configuration:
    .ID.      T0     Tf  Nit Tj Nruns .PARENT.
232  232 48.2242 0.0791 1995 13   181       NA

# 2026-04-22 05:37:07 WEST: Extracting elites
# 2026-04-22 05:37:07 WEST: Elite configurations (first number is the configuration ID; listed from best to worst according to the sum of ranks):
    .ID.      T0     Tf  Nit Tj Nruns .PARENT. .RANK. .WEIGHT.
232  232 48.2242 0.0791 1995 13   181       NA  291.0      0.4
896  896 45.9975 0.1050 1952 12   184      232  323.5      0.3
791  791 48.5082 0.0126 1958 13   186      232  324.0      0.2
841  841 49.0744 0.1023 1954 13   178      232  324.0      0.1
# 2026-04-22 05:37:07 WEST: End of iteration 3
# 2026-04-22 05:37:07 WEST: Iteration 4 of 4
# experimentsUsed: 6739
# remainingBudget: 3261
# currentBudget: 3261
# nbConfigurations: 275
# 2026-04-22 05:37:07 WEST: Update model
# 2026-04-22 05:37:07 WEST: Sample 271 configurations from model
# 2026-04-22 05:37:07 WEST: Computing similarity of configurations ................................................................................................................................................................................................................................................................................... DONE
# 2026-04-22 05:37:07 WEST: Launch race
# Markers:
     x No test is performed.
     c Configurations are discarded only due to capping.
     - The test is performed and some configurations are discarded.
     = The test is performed but no configuration is discarded.
     ! The test is performed and configurations could be discarded but elite configurations are preserved.
     . Alive configurations were already evaluated on this instance and nothing is discarded.
     : All alive configurations are elite, but some need to be evaluated on this instance.

+-+-----------+-----------+-----------+----------------+-----------+--------+-----+----+------+
| |   Instance|      Alive|       Best|       Mean best| Exp so far|  W time|  rho|KenW|  Qvar|
+-+-----------+-----------+-----------+----------------+-----------+--------+-----+----+------+
|x|         12|        275|        232|     1479.000000|        275|00:32:45|   NA|  NA|    NA|
|x|         11|        275|        232|     812.5000000|        546|00:34:25|+1.00|1.00|0.0000|
|x|          1|        275|        232|     590.3333333|        817|00:34:13|+1.00|1.00|0.0000|
|x|          7|        275|        232|     988.5000000|       1088|00:37:32|+0.00|0.25|0.2491|
|=|          9|        275|        232|     989.0000000|       1359|00:40:08|+0.00|0.20|0.3955|
|=|         10|        275|        232|     879.3333333|       1630|00:36:38|+0.00|0.17|0.4933|
|=|          8|        275|        232|     770.0000000|       1901|00:37:37|+0.00|0.15|0.5678|
|=|          6|        275|        232|     831.7500000|       2172|00:37:53|+0.00|0.13|0.4970|
|=|          4|        275|        232|     902.4444444|       2443|00:36:12|+0.00|0.11|0.5521|
|=|          3|        275|        232|     821.9000000|       2714|00:36:04|+0.00|0.10|0.5928|
|=|          2|        275|        232|     777.2727273|       2985|00:39:56|+0.01|0.10|0.6233|
|=|          5|        275|        232|     795.0833333|       3256|00:39:57|+0.01|0.09|0.6563|
+-+-----------+-----------+-----------+----------------+-----------+--------+-----+----+------+
# Stopped because experiments for next test (3531) > max experiments (3261)
Best-so-far configuration:         232    mean value:      795.0833333
Description of the best-so-far configuration:
    .ID.      T0     Tf  Nit Tj Nruns .PARENT.
232  232 48.2242 0.0791 1995 13   181       NA

# 2026-04-22 13:00:34 WEST: Extracting elites
# 2026-04-22 13:00:34 WEST: Elite configurations (first number is the configuration ID; listed from best to worst according to the sum of ranks):
     .ID.      T0     Tf  Nit Tj Nruns .PARENT. .RANK. .WEIGHT.
232   232 48.2242 0.0791 1995 13   181       NA   1227      0.4
896   896 45.9975 0.1050 1952 12   184      232   1354      0.3
1021 1021 46.4181 0.1189 1918 12   183      896   1354      0.2
1154 1154 47.4920 0.0847 2000 13   181      232   1354      0.1
# 2026-04-22 13:00:34 WEST: End of iteration 4
# 2026-04-22 13:00:34 WEST: Stopped because there is not enough budget left to race more than the minimum (4).
# You may either increase the budget or set 'minNbSurvival' to a lower value.
# Iteration: 5
# nbIterations: 5
# experimentsUsed: 9995
# timeUsed: 0
# remainingBudget: 5
# currentBudget: 5
# number of elites: 4
# nbConfigurations: 4
# Total CPU user time: 14388.29, CPU sys time: 1064.674, Wall-clock time: 61390.02
# 2026-04-22 13:00:34 WEST: Starting post-selection:
# Configurations selected: 232, 896, 1021, 1154, 791.
# Pending instances: 0, 0, 0, 0, 0.
# 2026-04-22 13:00:34 WEST: seed: 12345
# Configurations: 5
# Available experiments: 5
# minSurvival: 1
# Markers:
     x No test is performed.
     c Configurations are discarded only due to capping.
     - The test is performed and some configurations are discarded.
     = The test is performed but no configuration is discarded.
     ! The test is performed and configurations could be discarded but elite configurations are preserved.
     . Alive configurations were already evaluated on this instance and nothing is discarded.
     : All alive configurations are elite, but some need to be evaluated on this instance.

+-+-----------+-----------+-----------+----------------+-----------+--------+-----+----+------+
| |   Instance|      Alive|       Best|       Mean best| Exp so far|  W time|  rho|KenW|  Qvar|
+-+-----------+-----------+-----------+----------------+-----------+--------+-----+----+------+
|.|         10|          5|        232|     331.0000000|          0|00:00:00|   NA|  NA|    NA|
|.|          7|          5|        232|     1257.000000|          0|00:00:00|+1.00|1.00|0.0000|
|.|         12|          5|        232|     1331.000000|          0|00:00:00|+1.00|1.00|0.0000|
|.|          2|          5|        232|     1081.000000|          0|00:00:00|+0.00|0.25|0.2000|
|.|          9|          5|        232|     1063.000000|          0|00:00:00|-0.15|0.08|0.3690|
|.|          6|          5|        232|     1096.500000|          0|00:00:00|-0.12|0.07|0.2993|
|.|          1|          5|        232|     960.7142857|          0|00:00:00|-0.10|0.06|0.2519|
|.|          8|          5|        232|     854.8750000|          0|00:00:00|-0.09|0.05|0.2175|
|.|         11|          5|        232|     776.1111111|          0|00:00:00|-0.07|0.04|0.1914|
|.|          4|          5|        232|     845.3000000|          0|00:00:00|-0.07|0.04|0.1709|
|.|          3|          5|        232|     777.2727273|          0|00:00:00|-0.06|0.04|0.1544|
|.|          5|          5|        232|     795.0833333|          0|00:00:00|-0.05|0.03|0.1408|
|=|         13|          5|        232|     783.3846154|          5|00:00:43|-0.05|0.03|0.1294|
+-+-----------+-----------+-----------+----------------+-----------+--------+-----+----+------+
# Stopped because experiments for next test (10) > max experiments (5)
Best-so-far configuration:         232    mean value:      783.3846154
Description of the best-so-far configuration:
    .ID.      T0     Tf  Nit Tj Nruns .PARENT.
232  232 48.2242 0.0791 1995 13   181       NA

# 2026-04-22 13:01:18 WEST: Elite configurations (first number is the configuration ID; listed from best to worst according to the sum of ranks):
     .ID.      T0     Tf  Nit Tj Nruns .PARENT. .RANK. .WEIGHT.
232   232 48.2242 0.0791 1995 13   181       NA   37.0      0.4
791   791 48.5082 0.0126 1958 13   186      232   39.5      0.3
896   896 45.9975 0.1050 1952 12   184      232   39.5      0.2
1021 1021 46.4181 0.1189 1918 12   183      896   39.5      0.1
# Total CPU user time: 14395.48, CPU sys time: 1065.183, Wall-clock time: 61433.92
# Best configurations (first number is the configuration ID; listed from best to worst according to the sum of ranks):
          T0     Tf  Nit Tj Nruns
232  48.2242 0.0791 1995 13   181
791  48.5082 0.0126 1958 13   186
896  45.9975 0.1050 1952 12   184
1021 46.4181 0.1189 1918 12   183
# Best configurations as commandlines (first number is the configuration ID; listed from best to worst according to the sum of ranks):
232  --T0 48.2242 --Tf 0.0791 --Nit 1995 --Tj 13 --Nruns 181
791  --T0 48.5082 --Tf 0.0126 --Nit 1958 --Tj 13 --Nruns 186
896  --T0 45.9975 --Tf 0.105 --Nit 1952 --Tj 12 --Nruns 184
1021 --T0 46.4181 --Tf 0.1189 --Nit 1918 --Tj 12 --Nruns 183


# Testing of elite configurations: 1 
# Testing iteration configurations: FALSE 
# 2026-04-22 13:01:18 WEST: No test instances, skip testing
Warning message:
In irace.cmdline() : 'irace.cmdline' is deprecated.
Use 'irace.cmdline' instead.
See help("Deprecated")
