Rscript -e "library(irace); irace.cmdline()"
#------------------------------------------------------------------------------
# irace: An implementation in R of (Elitist) Iterated Racing
# Version: 4.4.1.ccb6607
# Copyright (C) 2010-2025
# Manuel Lopez-Ibanez     <manuel.lopez-ibanez@manchester.ac.uk>
# Jeremie Dubois-Lacoste
# Leslie Perez Caceres    <leslie.perez.caceres@ulb.ac.be>
#
# This is free software, and you are welcome to redistribute it under certain
# conditions.  See the GNU General Public License for details. There is NO
# WARRANTY; not even for MERCHANTABILITY or FITNESS FOR A PARTICULAR PURPOSE.
#
# irace builds upon previous code from the race package:
#     race: Racing methods for the selection of the best
#     Copyright (C) 2003 Mauro Birattari
#------------------------------------------------------------------------------
# installed at: /home/nuno/R/libs/irace
# called with: 
Warning: == irace == A default scenario file '/home/nuno/DrWatsonProjects/SoftIdea/irace_ssm_sa/scenario.txt' has been found and will be read.
# 2026-04-17 16:39:16 WEST: Reading parameter file '/home/nuno/DrWatsonProjects/SoftIdea/irace_ssm_sa/parameters.txt'.
# 2026-04-17 16:39:16 WEST: 1 expression(s) specifying forbidden configurations read.
# --- Parameters Hierarchy ---
  Parameter Level Depends.on
1        T0     1         T0
2        Tf     1         Tf
3       Nit     1        Nit
# ------------------------
## irace scenario:
scenarioFile = "/home/nuno/DrWatsonProjects/SoftIdea/irace_ssm_sa/scenario.txt"
execDir = "/home/nuno/DrWatsonProjects/SoftIdea/irace_ssm_sa"
parameterFile = "/home/nuno/DrWatsonProjects/SoftIdea/irace_ssm_sa/parameters.txt"
parameters = <environment>
initConfigurations = NULL
configurationsFile = ""
logFile = "/home/nuno/DrWatsonProjects/SoftIdea/irace_ssm_sa/irace.Rdata"
recoveryFile = ""
instances = c("/home/nuno/DrWatsonProjects/SoftIdea/irace_ssm_sa/instances/H_O1_n1_4p.jl", "/home/nuno/DrWatsonProjects/SoftIdea/irace_ssm_sa/instances/H_O1_n2_2p.jl", "/home/nuno/DrWatsonProjects/SoftIdea/irace_ssm_sa/instances/H_O2_n3_2p.jl", "/home/nuno/DrWatsonProjects/SoftIdea/irace_ssm_sa/instances/H_O3_n1_2p.jl", "/home/nuno/DrWatsonProjects/SoftIdea/irace_ssm_sa/instances/H_O3_n2_3p.jl")
trainInstancesDir = ""
trainInstancesFile = "/home/nuno/DrWatsonProjects/SoftIdea/irace_ssm_sa/instances.txt"
sampleInstances = TRUE
testInstancesDir = ""
testInstancesFile = ""
testInstances = NULL
testNbElites = 1L
testIterationElites = FALSE
testType = "friedman"
firstTest = 5L
blockSize = 1L
eachTest = 1L
targetRunner = "/home/nuno/DrWatsonProjects/SoftIdea/irace_ssm_sa/target-runner"
targetRunnerLauncher = ""
targetCmdline = "{configurationID} {instanceID} {seed} {instance} {bound} {targetRunnerArgs}"
targetRunnerRetries = 0L
targetRunnerTimeout = 0L
targetRunnerData = ""
targetRunnerParallel = NULL
targetEvaluator = NULL
deterministic = FALSE
maxExperiments = 500L
minExperiments = NA_character_
maxTime = 0L
budgetEstimation = 0.05
minMeasurableTime = 0.01
parallel = 0L
loadBalancing = TRUE
mpi = FALSE
batchmode = "0"
quiet = FALSE
debugLevel = 1L
seed = 12345L
softRestart = TRUE
softRestartThreshold = 1e-04
elitist = TRUE
elitistNewInstances = 1L
elitistLimit = 2L
repairConfiguration = NULL
capping = FALSE
cappingAfterFirstTest = FALSE
cappingType = "median"
boundType = "candidate"
boundMax = NULL
boundDigits = 0L
boundPar = 1L
boundAsTimeout = TRUE
postselection = TRUE
aclib = FALSE
nbIterations = 0L
nbExperimentsPerIteration = 0L
minNbSurvival = 0L
nbConfigurations = 0L
mu = 5L
confidence = 0.95
## end of irace scenario
# 2026-04-17 16:39:16 WEST: Initialization
# Elitist race
# Elitist new instances: 1
# Elitist limit: 2
# nbIterations: 3
# minNbSurvival: 3
# nbParameters: 3
# seed: 12345
# confidence level: 0.95
# budget: 500
# mu: 5
# deterministic: FALSE

# 2026-04-17 16:39:16 WEST: Iteration 1 of 3
# experimentsUsed: 0
# remainingBudget: 500
# currentBudget: 166
# nbConfigurations: 27
# 2026-04-17 16:39:16 WEST: Sample 27 configurations from Sobol distribution
# 2026-04-17 16:39:16 WEST: Launch race
# Markers:
     x No test is performed.
     c Configurations are discarded only due to capping.
     - The test is performed and some configurations are discarded.
     = The test is performed but no configuration is discarded.
     ! The test is performed and configurations could be discarded but elite configurations are preserved.
     . Alive configurations were already evaluated on this instance and nothing is discarded.
     : All alive configurations are elite, but some need to be evaluated on this instance.

+-+-----------+-----------+-----------+----------------+-----------+--------+-----+----+------+
| |   Instance|      Alive|       Best|       Mean best| Exp so far|  W time|  rho|KenW|  Qvar|
+-+-----------+-----------+-----------+----------------+-----------+--------+-----+----+------+
|x|          1|         27|          1|     2207.000000|         27|09:14:14|   NA|  NA|    NA|
|x|          2|         27|          1|     1435.500000|         54|01:14:56|+1.00|1.00|0.0000|
|x|          3|         27|          1|     1034.666667|         81|01:39:16|+1.00|1.00|0.0000|
|x|          4|         27|          1|     890.0000000|        108|03:16:13|+0.00|0.25|0.2407|
|=|          5|         27|          1|     739.4000000|        135|00:11:11|+0.00|0.20|0.1926|
|=|          6|         27|          1|     655.0000000|        162|01:22:49|+0.00|0.17|0.1605|
+-+-----------+-----------+-----------+----------------+-----------+--------+-----+----+------+
# Stopped because experiments for next test (189) > max experiments (166)
Best-so-far configuration:           1    mean value:      655.0000000
Description of the best-so-far configuration:
  .ID.     T0    Tf Nit .PARENT.
1    1 9.4229 0.062  74       NA

# 2026-04-18 09:37:59 WEST: Extracting elites
# 2026-04-18 09:37:59 WEST: Elite configurations (first number is the configuration ID; listed from best to worst according to the sum of ranks):
  .ID.      T0     Tf Nit .PARENT. .RANK.          .WEIGHT.
1    1  9.4229 0.0620  74       NA     79 0.500000000000000
3    3 14.2979 0.0868  99       NA     79 0.333333333333333
4    4  4.5479 0.0373 150       NA     79 0.166666666666667
# 2026-04-18 09:37:59 WEST: Initialise model
# 2026-04-18 09:37:59 WEST: End of iteration 1
# 2026-04-18 09:37:59 WEST: Iteration 2 of 3
# experimentsUsed: 162
# remainingBudget: 338
# currentBudget: 169
# nbConfigurations: 26
# 2026-04-18 09:37:59 WEST: Update model
# 2026-04-18 09:37:59 WEST: Sample 23 configurations from model
# 2026-04-18 09:37:59 WEST: Computing similarity of configurations .......................... DONE
# 2026-04-18 09:37:59 WEST: Launch race
# Markers:
     x No test is performed.
     c Configurations are discarded only due to capping.
     - The test is performed and some configurations are discarded.
     = The test is performed but no configuration is discarded.
     ! The test is performed and configurations could be discarded but elite configurations are preserved.
     . Alive configurations were already evaluated on this instance and nothing is discarded.
     : All alive configurations are elite, but some need to be evaluated on this instance.

+-+-----------+-----------+-----------+----------------+-----------+--------+-----+----+------+
| |   Instance|      Alive|       Best|       Mean best| Exp so far|  W time|  rho|KenW|  Qvar|
+-+-----------+-----------+-----------+----------------+-----------+--------+-----+----+------+
|x|          7|         26|         41|     137.0000000|         26|00:10:27|   NA|  NA|    NA|
|x|          3|         26|         41|     185.0000000|         49|01:19:30|+0.00|0.50|0.4808|
|x|          4|         26|          4|     277.3333333|         72|02:41:45|-0.14|0.24|0.7631|
|x|          5|         26|          4|     242.2500000|         95|00:09:58|-0.10|0.18|0.5418|
|=|          6|         26|          4|     240.4000000|        118|01:06:24|-0.07|0.14|0.4212|
|=|          1|         26|          4|     568.1666667|        141|07:27:06|-0.06|0.12|0.3449|
|=|          2|         26|          4|     581.8571429|        164|01:03:02|-0.05|0.10|0.4315|
+-+-----------+-----------+-----------+----------------+-----------+--------+-----+----+------+
# Stopped because experiments for next test (190) > max experiments (169)
Best-so-far configuration:           4    mean value:      581.8571429
Description of the best-so-far configuration:
  .ID.     T0     Tf Nit .PARENT.
4    4 4.5479 0.0373 150       NA

# 2026-04-18 23:36:14 WEST: Extracting elites
# 2026-04-18 23:36:14 WEST: Elite configurations (first number is the configuration ID; listed from best to worst according to the sum of ranks):
   .ID.      T0     Tf Nit .PARENT. .RANK.          .WEIGHT.
4     4  4.5479 0.0373 150       NA   80.5 0.500000000000000
31   31  4.2704 0.0567 142        4   80.5 0.333333333333333
41   41 17.9402 0.0920 126        3   91.5 0.166666666666667
# 2026-04-18 23:36:14 WEST: End of iteration 2
# 2026-04-18 23:36:14 WEST: Iteration 3 of 3
# experimentsUsed: 326
# remainingBudget: 174
# currentBudget: 174
# nbConfigurations: 24
# 2026-04-18 23:36:14 WEST: Update model
# 2026-04-18 23:36:14 WEST: Sample 21 configurations from model
# 2026-04-18 23:36:14 WEST: Computing similarity of configurations ........................ DONE
# 2026-04-18 23:36:14 WEST: Launch race
# Markers:
     x No test is performed.
     c Configurations are discarded only due to capping.
     - The test is performed and some configurations are discarded.
     = The test is performed but no configuration is discarded.
     ! The test is performed and configurations could be discarded but elite configurations are preserved.
     . Alive configurations were already evaluated on this instance and nothing is discarded.
     : All alive configurations are elite, but some need to be evaluated on this instance.

+-+-----------+-----------+-----------+----------------+-----------+--------+-----+----+------+
| |   Instance|      Alive|       Best|       Mean best| Exp so far|  W time|  rho|KenW|  Qvar|
+-+-----------+-----------+-----------+----------------+-----------+--------+-----+----+------+
|x|          8|         24|          4|     2207.000000|         24|12:15:54|   NA|  NA|    NA|
|x|          5|         24|          4|     1172.000000|         45|00:13:16|+1.00|1.00|0.0000|
|x|          3|         24|          4|     859.0000000|         66|01:55:51|+1.00|1.00|0.0000|
|x|          4|         24|          4|     758.2500000|         87|03:28:36|+0.00|0.25|0.2396|
|=|          7|         24|          4|     635.2000000|        108|00:13:00|-0.09|0.13|0.4318|
|=|          1|         24|          4|     897.1666667|        129|10:56:47|-0.07|0.11|0.3517|
|=|          2|         24|          4|     863.8571429|        150|01:34:49|-0.06|0.09|0.2969|
|=|          6|         24|          4|     785.0000000|        171|01:47:46|-0.05|0.08|0.2569|
+-+-----------+-----------+-----------+----------------+-----------+--------+-----+----+------+
# Stopped because experiments for next test (195) > max experiments (174)
Best-so-far configuration:           4    mean value:      785.0000000
Description of the best-so-far configuration:
  .ID.     T0     Tf Nit .PARENT.
4    4 4.5479 0.0373 150       NA

# 2026-04-20 08:02:17 WEST: Extracting elites
# 2026-04-20 08:02:17 WEST: Elite configurations (first number is the configuration ID; listed from best to worst according to the sum of ranks):
   .ID.     T0     Tf Nit .PARENT. .RANK.          .WEIGHT.
4     4 4.5479 0.0373 150       NA   97.5 0.500000000000000
31   31 4.2704 0.0567 142        4   97.5 0.333333333333333
51   51 7.3560 0.0413 150        4   97.5 0.166666666666667
# 2026-04-20 08:02:17 WEST: End of iteration 3
# 2026-04-20 08:02:17 WEST: Stopped because there is not enough budget left to race more than the minimum (3).
# You may either increase the budget or set 'minNbSurvival' to a lower value.
# Iteration: 4
# nbIterations: 4
# experimentsUsed: 497
# timeUsed: 0
# remainingBudget: 3
# currentBudget: 3
# number of elites: 3
# nbConfigurations: 3
# Total CPU user time: 721.632, CPU sys time: 55.277, Wall-clock time: 228181.3
# 2026-04-20 08:02:17 WEST: Starting post-selection:
# Configurations selected: 4, 31, 51.
# Pending instances: 0, 0, 0.
# 2026-04-20 08:02:17 WEST: seed: 12345
# Configurations: 3
# Available experiments: 3
# minSurvival: 1
# Markers:
     x No test is performed.
     c Configurations are discarded only due to capping.
     - The test is performed and some configurations are discarded.
     = The test is performed but no configuration is discarded.
     ! The test is performed and configurations could be discarded but elite configurations are preserved.
     . Alive configurations were already evaluated on this instance and nothing is discarded.
     : All alive configurations are elite, but some need to be evaluated on this instance.

+-+-----------+-----------+-----------+----------------+-----------+--------+-----+----+------+
| |   Instance|      Alive|       Best|       Mean best| Exp so far|  W time|  rho|KenW|  Qvar|
+-+-----------+-----------+-----------+----------------+-----------+--------+-----+----+------+
|.|          6|          3|          4|     233.0000000|          0|00:00:00|   NA|  NA|    NA|
|.|          2|          3|          4|     448.5000000|          0|00:00:00|+1.00|1.00|0.0000|
|.|          1|          3|          4|     1034.666667|          0|00:00:00|+1.00|1.00|0.0000|
|.|          8|          3|          4|     1327.750000|          0|00:00:00|+1.00|1.00|0.0000|
|.|          4|          3|          4|     1153.400000|          0|00:00:00|+1.00|1.00|0.0000|
|.|          7|          3|          4|     985.0000000|          0|00:00:00|+1.00|1.00|0.0000|
|.|          3|          3|          4|     877.5714286|          0|00:00:00|+1.00|1.00|0.0000|
|.|          5|          3|          4|     785.0000000|          0|00:00:00|+1.00|1.00|0.0000|
|=|          9|          3|          4|     748.4444444|          3|00:32:50|+1.00|1.00|0.0000|
+-+-----------+-----------+-----------+----------------+-----------+--------+-----+----+------+
# Stopped because experiments for next test (6) > max experiments (3)
Best-so-far configuration:           4    mean value:      748.4444444
Description of the best-so-far configuration:
  .ID.     T0     Tf Nit .PARENT.
4    4 4.5479 0.0373 150       NA

# 2026-04-20 08:35:07 WEST: Elite configurations (first number is the configuration ID; listed from best to worst according to the sum of ranks):
   .ID.     T0     Tf Nit .PARENT. .RANK.          .WEIGHT.
4     4 4.5479 0.0373 150       NA     18 0.500000000000000
31   31 4.2704 0.0567 142        4     18 0.333333333333333
51   51 7.3560 0.0413 150        4     18 0.166666666666667
# Total CPU user time: 726.028, CPU sys time: 55.609, Wall-clock time: 230151.4
# Best configurations (first number is the configuration ID; listed from best to worst according to the sum of ranks):
       T0     Tf Nit
4  4.5479 0.0373 150
31 4.2704 0.0567 142
51 7.3560 0.0413 150
# Best configurations as commandlines (first number is the configuration ID; listed from best to worst according to the sum of ranks):
4  --T0 4.5479 --Tf 0.0373 --Nit 150
31 --T0 4.2704 --Tf 0.0567 --Nit 142
51 --T0 7.356 --Tf 0.0413 --Nit 150


# Testing of elite configurations: 1 
# Testing iteration configurations: FALSE 
# 2026-04-20 08:35:07 WEST: No test instances, skip testing
Warning message:
In irace.cmdline() : 'irace.cmdline' is deprecated.
Use 'irace.cmdline' instead.
See help("Deprecated")
