Rscript -e "library(irace); irace.cmdline()"
#------------------------------------------------------------------------------
# irace: An implementation in R of (Elitist) Iterated Racing
# Version: 4.4.1.ccb6607
# Copyright (C) 2010-2025
# Manuel Lopez-Ibanez     <manuel.lopez-ibanez@manchester.ac.uk>
# Jeremie Dubois-Lacoste
# Leslie Perez Caceres    <leslie.perez.caceres@ulb.ac.be>
#
# This is free software, and you are welcome to redistribute it under certain
# conditions.  See the GNU General Public License for details. There is NO
# WARRANTY; not even for MERCHANTABILITY or FITNESS FOR A PARTICULAR PURPOSE.
#
# irace builds upon previous code from the race package:
#     race: Racing methods for the selection of the best
#     Copyright (C) 2003 Mauro Birattari
#------------------------------------------------------------------------------
# installed at: /home/nuno/R/libs/irace
# called with: 
Warning: == irace == A default scenario file '/home/nuno/DrWatsonProjects/SoftIdea/irace_sa/scenario.txt' has been found and will be read.
# 2026-04-13 16:11:12 WEST: Reading parameter file '/home/nuno/DrWatsonProjects/SoftIdea/irace_sa/parameters.txt'.
# 2026-04-13 16:11:12 WEST: 1 expression(s) specifying forbidden configurations read.
# --- Parameters Hierarchy ---
  Parameter Level Depends.on
1        T0     1         T0
2        Tf     1         Tf
3       Nit     1        Nit
4        Tj     1         Tj
5     Nruns     1      Nruns
# ------------------------
## irace scenario:
scenarioFile = "/home/nuno/DrWatsonProjects/SoftIdea/irace_sa/scenario.txt"
execDir = "/home/nuno/DrWatsonProjects/SoftIdea/irace_sa"
parameterFile = "/home/nuno/DrWatsonProjects/SoftIdea/irace_sa/parameters.txt"
parameters = <environment>
initConfigurations = NULL
configurationsFile = ""
logFile = "/home/nuno/DrWatsonProjects/SoftIdea/irace_sa/irace.Rdata"
recoveryFile = ""
instances = c("/home/nuno/DrWatsonProjects/SoftIdea/irace_sa/instances/H_O1_n1_2p.jl", "/home/nuno/DrWatsonProjects/SoftIdea/irace_sa/instances/H_O1_n1_3p.jl", "/home/nuno/DrWatsonProjects/SoftIdea/irace_sa/instances/H_O1_n1_4p.jl", "/home/nuno/DrWatsonProjects/SoftIdea/irace_sa/instances/H_O1_n1_5p.jl", "/home/nuno/DrWatsonProjects/SoftIdea/irace_sa/instances/H_O1_n2_2p.jl", "/home/nuno/DrWatsonProjects/SoftIdea/irace_sa/instances/H_O1_n2_3p.jl", "/home/nuno/DrWatsonProjects/SoftIdea/irace_sa/instances/H_O1_n2_4p.jl", "/home/nuno/DrWatsonProjects/SoftIdea/irace_sa/instances/H_O1_n2_5p.jl", "/home/nuno/DrWatsonProjects/SoftIdea/irace_sa/instances/H_O1_n3_2p.jl", "/home/nuno/DrWatsonProjects/SoftIdea/irace_sa/instances/H_O1_n3_3p.jl", "/home/nuno/DrWatsonProjects/SoftIdea/irace_sa/instances/H_O1_n3_4p.jl", "/home/nuno/DrWatsonProjects/SoftIdea/irace_sa/instances/H_O1_n3_5p.jl", "/home/nuno/DrWatsonProjects/SoftIdea/irace_sa/instances/H_O1_n4_2p.jl", "/home/nuno/DrWatsonProjects/SoftIdea/irace_sa/instances/H_O1_n4_3p.jl", "/home/nuno/DrWatsonProjects/SoftIdea/irace_sa/instances/H_O1_n4_4p.jl", "/home/nuno/DrWatsonProjects/SoftIdea/irace_sa/instances/H_O1_n4_5p.jl", "/home/nuno/DrWatsonProjects/SoftIdea/irace_sa/instances/H_O1_n5_2p.jl", "/home/nuno/DrWatsonProjects/SoftIdea/irace_sa/instances/H_O1_n5_3p.jl", "/home/nuno/DrWatsonProjects/SoftIdea/irace_sa/instances/H_O1_n5_4p.jl", "/home/nuno/DrWatsonProjects/SoftIdea/irace_sa/instances/H_O1_n5_5p.jl", "/home/nuno/DrWatsonProjects/SoftIdea/irace_sa/instances/H_O2_n1_2p.jl", "/home/nuno/DrWatsonProjects/SoftIdea/irace_sa/instances/H_O2_n1_3p.jl", "/home/nuno/DrWatsonProjects/SoftIdea/irace_sa/instances/H_O2_n1_4p.jl", "/home/nuno/DrWatsonProjects/SoftIdea/irace_sa/instances/H_O2_n1_5p.jl", "/home/nuno/DrWatsonProjects/SoftIdea/irace_sa/instances/H_O2_n2_2p.jl", "/home/nuno/DrWatsonProjects/SoftIdea/irace_sa/instances/H_O2_n2_3p.jl", "/home/nuno/DrWatsonProjects/SoftIdea/irace_sa/instances/H_O2_n2_4p.jl", "/home/nuno/DrWatsonProjects/SoftIdea/irace_sa/instances/H_O2_n2_5p.jl", "/home/nuno/DrWatsonProjects/SoftIdea/irace_sa/instances/H_O2_n3_2p.jl", "/home/nuno/DrWatsonProjects/SoftIdea/irace_sa/instances/H_O2_n3_3p.jl", "/home/nuno/DrWatsonProjects/SoftIdea/irace_sa/instances/H_O2_n3_4p.jl", "/home/nuno/DrWatsonProjects/SoftIdea/irace_sa/instances/H_O2_n3_5p.jl", "/home/nuno/DrWatsonProjects/SoftIdea/irace_sa/instances/H_O2_n4_2p.jl", "/home/nuno/DrWatsonProjects/SoftIdea/irace_sa/instances/H_O2_n4_3p.jl", "/home/nuno/DrWatsonProjects/SoftIdea/irace_sa/instances/H_O2_n4_4p.jl", "/home/nuno/DrWatsonProjects/SoftIdea/irace_sa/instances/H_O2_n4_5p.jl", "/home/nuno/DrWatsonProjects/SoftIdea/irace_sa/instances/H_O2_n5_2p.jl", "/home/nuno/DrWatsonProjects/SoftIdea/irace_sa/instances/H_O2_n5_3p.jl", "/home/nuno/DrWatsonProjects/SoftIdea/irace_sa/instances/H_O2_n5_4p.jl", "/home/nuno/DrWatsonProjects/SoftIdea/irace_sa/instances/H_O2_n5_5p.jl", "/home/nuno/DrWatsonProjects/SoftIdea/irace_sa/instances/H_O3_n1_2p.jl", "/home/nuno/DrWatsonProjects/SoftIdea/irace_sa/instances/H_O3_n1_3p.jl", "/home/nuno/DrWatsonProjects/SoftIdea/irace_sa/instances/H_O3_n1_4p.jl", "/home/nuno/DrWatsonProjects/SoftIdea/irace_sa/instances/H_O3_n1_5p.jl", "/home/nuno/DrWatsonProjects/SoftIdea/irace_sa/instances/H_O3_n2_2p.jl", "/home/nuno/DrWatsonProjects/SoftIdea/irace_sa/instances/H_O3_n2_3p.jl", "/home/nuno/DrWatsonProjects/SoftIdea/irace_sa/instances/H_O3_n2_4p.jl", "/home/nuno/DrWatsonProjects/SoftIdea/irace_sa/instances/H_O3_n2_5p.jl", "/home/nuno/DrWatsonProjects/SoftIdea/irace_sa/instances/H_O3_n3_2p.jl", "/home/nuno/DrWatsonProjects/SoftIdea/irace_sa/instances/H_O3_n3_3p.jl", "/home/nuno/DrWatsonProjects/SoftIdea/irace_sa/instances/H_O3_n3_4p.jl", "/home/nuno/DrWatsonProjects/SoftIdea/irace_sa/instances/H_O3_n3_5p.jl", "/home/nuno/DrWatsonProjects/SoftIdea/irace_sa/instances/H_O3_n4_2p.jl", "/home/nuno/DrWatsonProjects/SoftIdea/irace_sa/instances/H_O3_n4_3p.jl", "/home/nuno/DrWatsonProjects/SoftIdea/irace_sa/instances/H_O3_n4_4p.jl", "/home/nuno/DrWatsonProjects/SoftIdea/irace_sa/instances/H_O3_n4_5p.jl", "/home/nuno/DrWatsonProjects/SoftIdea/irace_sa/instances/H_O3_n5_2p.jl", "/home/nuno/DrWatsonProjects/SoftIdea/irace_sa/instances/H_O3_n5_3p.jl", "/home/nuno/DrWatsonProjects/SoftIdea/irace_sa/instances/H_O3_n5_4p.jl", "/home/nuno/DrWatsonProjects/SoftIdea/irace_sa/instances/H_O3_n5_5p.jl")
trainInstancesDir = ""
trainInstancesFile = "/home/nuno/DrWatsonProjects/SoftIdea/irace_sa/instances.txt"
sampleInstances = TRUE
testInstancesDir = ""
testInstancesFile = ""
testInstances = NULL
testNbElites = 1L
testIterationElites = FALSE
testType = "friedman"
firstTest = 5L
blockSize = 1L
eachTest = 1L
targetRunner = "/home/nuno/DrWatsonProjects/SoftIdea/irace_sa/target-runner"
targetRunnerLauncher = ""
targetCmdline = "{configurationID} {instanceID} {seed} {instance} {bound} {targetRunnerArgs}"
targetRunnerRetries = 0L
targetRunnerTimeout = 0L
targetRunnerData = ""
targetRunnerParallel = NULL
targetEvaluator = NULL
deterministic = FALSE
maxExperiments = 10000L
minExperiments = NA_character_
maxTime = 0L
budgetEstimation = 0.05
minMeasurableTime = 0.01
parallel = 0L
loadBalancing = TRUE
mpi = FALSE
batchmode = "0"
quiet = FALSE
debugLevel = 1L
seed = 12345L
softRestart = TRUE
softRestartThreshold = 1e-04
elitist = TRUE
elitistNewInstances = 1L
elitistLimit = 2L
repairConfiguration = NULL
capping = FALSE
cappingAfterFirstTest = FALSE
cappingType = "median"
boundType = "candidate"
boundMax = NULL
boundDigits = 0L
boundPar = 1L
boundAsTimeout = TRUE
postselection = TRUE
aclib = FALSE
nbIterations = 0L
nbExperimentsPerIteration = 0L
minNbSurvival = 0L
nbConfigurations = 0L
mu = 5L
confidence = 0.95
## end of irace scenario
# 2026-04-13 16:11:12 WEST: Initialization
# Elitist race
# Elitist new instances: 1
# Elitist limit: 2
# nbIterations: 4
# minNbSurvival: 4
# nbParameters: 5
# seed: 12345
# confidence level: 0.95
# budget: 10000
# mu: 5
# deterministic: FALSE

# 2026-04-13 16:11:12 WEST: Iteration 1 of 4
# experimentsUsed: 0
# remainingBudget: 10000
# currentBudget: 2500
# nbConfigurations: 416
# 2026-04-13 16:11:12 WEST: Sample 416 configurations from Sobol distribution
# 2026-04-13 16:11:12 WEST: Launch race
# Markers:
     x No test is performed.
     c Configurations are discarded only due to capping.
     - The test is performed and some configurations are discarded.
     = The test is performed but no configuration is discarded.
     ! The test is performed and configurations could be discarded but elite configurations are preserved.
     . Alive configurations were already evaluated on this instance and nothing is discarded.
     : All alive configurations are elite, but some need to be evaluated on this instance.

+-+-----------+-----------+-----------+----------------+-----------+--------+-----+----+------+
| |   Instance|      Alive|       Best|       Mean best| Exp so far|  W time|  rho|KenW|  Qvar|
+-+-----------+-----------+-----------+----------------+-----------+--------+-----+----+------+
|x|          1|        416|          1|     164.0000000|        416|00:19:17|   NA|  NA|    NA|
|x|          2|        416|          1|     257.0000000|        832|00:21:20|+0.47|0.74|0.2901|
|x|          3|        416|         35|     209.6666667|       1248|00:20:43|+0.50|0.67|0.3705|
|x|          4|        416|         35|     530.2500000|       1664|00:21:24|+0.51|0.63|0.3607|
|-|          5|        211|         35|     626.6000000|       2080|00:22:52|+0.01|0.21|0.7931|
|=|          6|        211|         35|     736.8333333|       2291|00:14:47|+0.01|0.17|0.6614|
+-+-----------+-----------+-----------+----------------+-----------+--------+-----+----+------+
# Stopped because experiments for next test (2502) > max experiments (2500)
Best-so-far configuration:          35    mean value:      736.8333333
Description of the best-so-far configuration:
   .ID.      T0     Tf Nit Tj Nruns .PARENT.
35   35 18.2535 0.5595 890  3   199       NA

# 2026-04-13 18:11:38 WEST: Extracting elites
# 2026-04-13 18:11:38 WEST: Elite configurations (first number is the configuration ID; listed from best to worst according to the sum of ranks):
   .ID.      T0     Tf  Nit Tj Nruns .PARENT. .RANK. .WEIGHT.
35   35 18.2535 0.5595  890  3   199       NA  492.5      0.4
59   59  1.2379 0.2158 1683 10   193       NA  492.5      0.3
63   63  7.4254 0.5908 1439  7   168       NA  492.5      0.2
66   66 10.9059 0.0049 1911 17   151       NA  492.5      0.1
# 2026-04-13 18:11:38 WEST: Initialise model
# 2026-04-13 18:11:38 WEST: End of iteration 1
# 2026-04-13 18:11:38 WEST: Iteration 2 of 4
# experimentsUsed: 2291
# remainingBudget: 7709
# currentBudget: 2569
# nbConfigurations: 370
# 2026-04-13 18:11:38 WEST: Update model
# 2026-04-13 18:11:38 WEST: Sample 366 configurations from model
# 2026-04-13 18:11:38 WEST: Computing similarity of configurations .................................................................................................................................................................................................................................................................................................................................................................................. DONE
# 2026-04-13 18:11:39 WEST: Launch race
# Markers:
     x No test is performed.
     c Configurations are discarded only due to capping.
     - The test is performed and some configurations are discarded.
     = The test is performed but no configuration is discarded.
     ! The test is performed and configurations could be discarded but elite configurations are preserved.
     . Alive configurations were already evaluated on this instance and nothing is discarded.
     : All alive configurations are elite, but some need to be evaluated on this instance.

+-+-----------+-----------+-----------+----------------+-----------+--------+-----+----+------+
| |   Instance|      Alive|       Best|       Mean best| Exp so far|  W time|  rho|KenW|  Qvar|
+-+-----------+-----------+-----------+----------------+-----------+--------+-----+----+------+
|x|          7|        370|         35|     2207.000000|        370|00:32:49|   NA|  NA|    NA|
|x|          5|        370|         35|     1609.500000|        736|00:32:24|+0.20|0.60|0.7821|
|x|          2|        370|         35|     1189.666667|       1102|00:32:02|+0.23|0.48|0.7055|
|x|          1|        370|         35|     933.2500000|       1468|00:28:50|+0.16|0.37|0.7569|
|-|          6|        330|         35|     1004.200000|       1834|00:31:55|-0.02|0.18|0.4115|
|-|          3|        286|         35|     856.0000000|       2160|00:28:11|-0.01|0.15|0.5089|
|=|          4|        286|         35|     946.8571429|       2442|00:26:35|-0.00|0.14|0.5692|
+-+-----------+-----------+-----------+----------------+-----------+--------+-----+----+------+
# Stopped because experiments for next test (2728) > max experiments (2569)
Best-so-far configuration:          35    mean value:      946.8571429
Description of the best-so-far configuration:
   .ID.      T0     Tf Nit Tj Nruns .PARENT.
35   35 18.2535 0.5595 890  3   199       NA

# 2026-04-13 21:44:27 WEST: Extracting elites
# 2026-04-13 21:44:27 WEST: Elite configurations (first number is the configuration ID; listed from best to worst according to the sum of ranks):
   .ID.      T0     Tf  Nit Tj Nruns .PARENT. .RANK. .WEIGHT.
35   35 18.2535 0.5595  890  3   199       NA  911.5      0.4
59   59  1.2379 0.2158 1683 10   193       NA  911.5      0.3
63   63  7.4254 0.5908 1439  7   168       NA  911.5      0.2
66   66 10.9059 0.0049 1911 17   151       NA  911.5      0.1
# 2026-04-13 21:44:27 WEST: End of iteration 2
# 2026-04-13 21:44:27 WEST: Iteration 3 of 4
# experimentsUsed: 4733
# remainingBudget: 5267
# currentBudget: 2633
# nbConfigurations: 332
# 2026-04-13 21:44:27 WEST: Update model
# 2026-04-13 21:44:27 WEST: Sample 328 configurations from model
# 2026-04-13 21:44:27 WEST: Computing similarity of configurations ............................................................................................................................................................................................................................................................................................................................................ DONE
# 2026-04-13 21:44:27 WEST: Launch race
# Markers:
     x No test is performed.
     c Configurations are discarded only due to capping.
     - The test is performed and some configurations are discarded.
     = The test is performed but no configuration is discarded.
     ! The test is performed and configurations could be discarded but elite configurations are preserved.
     . Alive configurations were already evaluated on this instance and nothing is discarded.
     : All alive configurations are elite, but some need to be evaluated on this instance.

+-+-----------+-----------+-----------+----------------+-----------+--------+-----+----+------+
| |   Instance|      Alive|       Best|       Mean best| Exp so far|  W time|  rho|KenW|  Qvar|
+-+-----------+-----------+-----------+----------------+-----------+--------+-----+----+------+
|x|          8|        332|         35|     132.0000000|        332|00:30:10|   NA|  NA|    NA|
|x|          6|        332|         35|     710.0000000|        660|00:31:12|+0.00|0.50|0.4985|
|x|          2|        332|         35|     590.0000000|        988|00:31:40|+0.10|0.40|0.5886|
|x|          1|        332|         35|     483.5000000|       1316|00:28:10|+0.07|0.30|0.4605|
|-|          7|        285|         35|     828.2000000|       1644|00:32:32|-0.02|0.18|0.6178|
|=|          4|        285|         35|     938.8333333|       1925|00:27:23|-0.00|0.16|0.6720|
|-|          3|        258|         35|     821.1428571|       2206|00:26:48|-0.01|0.13|0.7235|
|=|          5|        258|         35|     845.0000000|       2460|00:27:09|+0.00|0.13|0.7395|
+-+-----------+-----------+-----------+----------------+-----------+--------+-----+----+------+
# Stopped because experiments for next test (2718) > max experiments (2633)
Best-so-far configuration:          35    mean value:      845.0000000
Description of the best-so-far configuration:
   .ID.      T0     Tf Nit Tj Nruns .PARENT.
35   35 18.2535 0.5595 890  3   199       NA

# 2026-04-14 01:39:36 WEST: Extracting elites
# 2026-04-14 01:39:36 WEST: Elite configurations (first number is the configuration ID; listed from best to worst according to the sum of ranks):
    .ID.      T0     Tf  Nit Tj Nruns .PARENT. .RANK. .WEIGHT.
35    35 18.2535 0.5595  890  3   199       NA  902.5      0.4
789  789  6.1898 0.1995 1719 11   183       59  902.5      0.3
795  795 11.0520 0.1004 1935 16   156       66  902.5      0.2
797  797  0.7724 0.1615 1885 11   196       59  902.5      0.1
# 2026-04-14 01:39:36 WEST: End of iteration 3
# 2026-04-14 01:39:36 WEST: Iteration 4 of 4
# experimentsUsed: 7193
# remainingBudget: 2807
# currentBudget: 2807
# nbConfigurations: 315
# 2026-04-14 01:39:36 WEST: Update model
# 2026-04-14 01:39:36 WEST: Sample 311 configurations from model
# 2026-04-14 01:39:36 WEST: Computing similarity of configurations ........................................................................................................................................................................................................................................................................................................................... DONE
# 2026-04-14 01:39:36 WEST: Launch race
# Markers:
     x No test is performed.
     c Configurations are discarded only due to capping.
     - The test is performed and some configurations are discarded.
     = The test is performed but no configuration is discarded.
     ! The test is performed and configurations could be discarded but elite configurations are preserved.
     . Alive configurations were already evaluated on this instance and nothing is discarded.
     : All alive configurations are elite, but some need to be evaluated on this instance.

+-+-----------+-----------+-----------+----------------+-----------+--------+-----+----+------+
| |   Instance|      Alive|       Best|       Mean best| Exp so far|  W time|  rho|KenW|  Qvar|
+-+-----------+-----------+-----------+----------------+-----------+--------+-----+----+------+
|x|          9|        315|        797|     1012.000000|        315|00:36:34|   NA|  NA|    NA|
|x|          7|        315|        797|     1609.500000|        626|00:34:22|+0.03|0.51|0.9479|
|x|          4|        315|        797|     1570.333333|        937|00:31:51|+0.01|0.34|0.9980|
|x|          8|        315|        797|     1210.750000|       1248|00:31:53|+0.05|0.29|0.9468|
|-|          2|        220|        797|     1038.600000|       1559|00:33:43|-0.06|0.15|0.8458|
|=|          5|        220|        797|     1034.166667|       1775|00:25:22|-0.03|0.14|0.8517|
|=|          6|        220|        797|     1070.428571|       1991|00:24:51|-0.03|0.12|0.7269|
|=|          1|        220|        797|     957.1250000|       2207|00:22:10|-0.02|0.10|0.6340|
|=|          3|        220|        797|     863.5555556|       2423|00:23:33|-0.01|0.11|0.6703|
|=|         10|        220|        797|     812.2000000|       2643|00:25:02|+0.01|0.11|0.6890|
+-+-----------+-----------+-----------+----------------+-----------+--------+-----+----+------+
# Stopped because experiments for next test (2863) > max experiments (2807)
Best-so-far configuration:         797    mean value:      812.2000000
Description of the best-so-far configuration:
    .ID.     T0     Tf  Nit Tj Nruns .PARENT.
797  797 0.7724 0.1615 1885 11   196       59

# 2026-04-14 06:29:03 WEST: Extracting elites
# 2026-04-14 06:29:03 WEST: Elite configurations (first number is the configuration ID; listed from best to worst according to the sum of ranks):
     .ID.     T0     Tf  Nit Tj Nruns .PARENT. .RANK. .WEIGHT.
797   797 0.7724 0.1615 1885 11   196       59  920.5      0.4
1135 1135 0.7626 0.1691 1859 12   194      797  920.5      0.3
1146 1146 0.6311 0.1743 1892 11   196      797  920.5      0.2
1163 1163 5.1601 0.2113 1689 11   178      789  920.5      0.1
# 2026-04-14 06:29:03 WEST: End of iteration 4
# 2026-04-14 06:29:03 WEST: Iteration 5 of 5
# experimentsUsed: 9836
# remainingBudget: 164
# currentBudget: 164
# nbConfigurations: 18
# 2026-04-14 06:29:03 WEST: Update model
# 2026-04-14 06:29:03 WEST: Sample 14 configurations from model
# 2026-04-14 06:29:03 WEST: Computing similarity of configurations .................. DONE
# 2026-04-14 06:29:03 WEST: Launch race
# Markers:
     x No test is performed.
     c Configurations are discarded only due to capping.
     - The test is performed and some configurations are discarded.
     = The test is performed but no configuration is discarded.
     ! The test is performed and configurations could be discarded but elite configurations are preserved.
     . Alive configurations were already evaluated on this instance and nothing is discarded.
     : All alive configurations are elite, but some need to be evaluated on this instance.

+-+-----------+-----------+-----------+----------------+-----------+--------+-----+----+------+
| |   Instance|      Alive|       Best|       Mean best| Exp so far|  W time|  rho|KenW|  Qvar|
+-+-----------+-----------+-----------+----------------+-----------+--------+-----+----+------+
|x|         11|         18|        797|     164.0000000|         18|00:02:12|   NA|  NA|    NA|
|x|          2|         18|        797|     257.0000000|         32|00:02:00|+0.00|0.50|0.4722|
|x|          4|         18|        797|     668.6666667|         46|00:01:56|+0.00|0.33|0.3148|
|x|          9|         18|        797|     754.5000000|         60|00:02:13|-0.04|0.22|0.4895|
|=|          5|         18|        797|     806.0000000|         74|00:02:05|-0.03|0.17|0.3881|
|=|          8|         18|        797|     693.6666667|         88|00:01:56|+0.05|0.20|0.4589|
|=|          7|         18|        797|     909.8571429|        102|00:02:08|+0.04|0.18|0.3952|
|=|          6|         18|        797|     957.1250000|        116|00:01:59|+0.03|0.15|0.3470|
|=|         10|         18|        797|     889.6666667|        130|00:02:00|+0.03|0.14|0.3093|
|=|          1|         18|        797|     817.1000000|        144|00:01:52|+0.03|0.12|0.2789|
|=|          3|         18|        797|     753.2727273|        158|00:02:03|+0.00|0.10|0.3482|
+-+-----------+-----------+-----------+----------------+-----------+--------+-----+----+------+
# Stopped because experiments for next test (176) > max experiments (164)
Best-so-far configuration:         797    mean value:      753.2727273
Description of the best-so-far configuration:
    .ID.     T0     Tf  Nit Tj Nruns .PARENT.
797  797 0.7724 0.1615 1885 11   196       59

# 2026-04-14 06:51:32 WEST: Extracting elites
# 2026-04-14 06:51:32 WEST: Elite configurations (first number is the configuration ID; listed from best to worst according to the sum of ranks):
     .ID.     T0     Tf  Nit Tj Nruns .PARENT. .RANK. .WEIGHT.
797   797 0.7724 0.1615 1885 11   196       59   95.5      0.4
1135 1135 0.7626 0.1691 1859 12   194      797   95.5      0.3
1146 1146 0.6311 0.1743 1892 11   196      797   95.5      0.2
1163 1163 5.1601 0.2113 1689 11   178      789   95.5      0.1
# 2026-04-14 06:51:32 WEST: End of iteration 5
# 2026-04-14 06:51:32 WEST: Stopped because there is not enough budget left to race more than the minimum (4).
# You may either increase the budget or set 'minNbSurvival' to a lower value.
# Iteration: 6
# nbIterations: 6
# experimentsUsed: 9994
# timeUsed: 0
# remainingBudget: 6
# currentBudget: 6
# number of elites: 4
# nbConfigurations: 4
# Total CPU user time: 14362.56, CPU sys time: 1036.91, Wall-clock time: 52820.09
# 2026-04-14 06:51:32 WEST: Starting post-selection:
# Configurations selected: 797, 1135, 1146, 1163, 1422, 1423.
# Pending instances: 0, 0, 0, 0, 0, 0.
# 2026-04-14 06:51:32 WEST: seed: 12345
# Configurations: 6
# Available experiments: 6
# minSurvival: 1
# Markers:
     x No test is performed.
     c Configurations are discarded only due to capping.
     - The test is performed and some configurations are discarded.
     = The test is performed but no configuration is discarded.
     ! The test is performed and configurations could be discarded but elite configurations are preserved.
     . Alive configurations were already evaluated on this instance and nothing is discarded.
     : All alive configurations are elite, but some need to be evaluated on this instance.

+-+-----------+-----------+-----------+----------------+-----------+--------+-----+----+------+
| |   Instance|      Alive|       Best|       Mean best| Exp so far|  W time|  rho|KenW|  Qvar|
+-+-----------+-----------+-----------+----------------+-----------+--------+-----+----+------+
|.|         10|          6|        797|     350.0000000|          0|00:00:00|   NA|  NA|    NA|
|.|          7|          6|        797|     1278.500000|          0|00:00:00|+1.00|1.00|0.0000|
|.|          2|          6|        797|     969.0000000|          0|00:00:00|+1.00|1.00|0.0000|
|.|          9|          6|        797|     979.7500000|          0|00:00:00|+0.00|0.25|0.2083|
|.|          6|          6|        797|     1041.400000|          0|00:00:00|+0.00|0.20|0.1667|
|.|          1|          6|        797|     895.1666667|          0|00:00:00|+0.00|0.17|0.1389|
|.|          8|          6|        797|     786.1428571|          0|00:00:00|+0.10|0.23|0.2130|
|.|         11|          6|        797|     708.3750000|          0|00:00:00|+0.09|0.20|0.1895|
|.|          4|          6|        797|     795.4444444|          0|00:00:00|+0.08|0.18|0.1705|
|.|          3|          6|        797|     727.4000000|          0|00:00:00|+0.07|0.16|0.1550|
|.|          5|          6|        797|     753.2727273|          0|00:00:00|+0.06|0.15|0.1419|
|=|         12|          6|        797|     815.7500000|          6|00:00:46|+0.06|0.13|0.1309|
+-+-----------+-----------+-----------+----------------+-----------+--------+-----+----+------+
# Stopped because experiments for next test (12) > max experiments (6)
Best-so-far configuration:         797    mean value:      815.7500000
Description of the best-so-far configuration:
    .ID.     T0     Tf  Nit Tj Nruns .PARENT.
797  797 0.7724 0.1615 1885 11   196       59

# 2026-04-14 06:52:19 WEST: Elite configurations (first number is the configuration ID; listed from best to worst according to the sum of ranks):
     .ID.     T0     Tf  Nit Tj Nruns .PARENT. .RANK. .WEIGHT.
797   797 0.7724 0.1615 1885 11   196       59   40.5      0.4
1135 1135 0.7626 0.1691 1859 12   194      797   40.5      0.3
1146 1146 0.6311 0.1743 1892 11   196      797   40.5      0.2
1163 1163 5.1601 0.2113 1689 11   178      789   40.5      0.1
# Total CPU user time: 14371.18, CPU sys time: 1037.551, Wall-clock time: 52866.86
# Best configurations (first number is the configuration ID; listed from best to worst according to the sum of ranks):
         T0     Tf  Nit Tj Nruns
797  0.7724 0.1615 1885 11   196
1135 0.7626 0.1691 1859 12   194
1146 0.6311 0.1743 1892 11   196
1163 5.1601 0.2113 1689 11   178
# Best configurations as commandlines (first number is the configuration ID; listed from best to worst according to the sum of ranks):
797  --T0 0.7724 --Tf 0.1615 --Nit 1885 --Tj 11 --Nruns 196
1135 --T0 0.7626 --Tf 0.1691 --Nit 1859 --Tj 12 --Nruns 194
1146 --T0 0.6311 --Tf 0.1743 --Nit 1892 --Tj 11 --Nruns 196
1163 --T0 5.1601 --Tf 0.2113 --Nit 1689 --Tj 11 --Nruns 178


# Testing of elite configurations: 1 
# Testing iteration configurations: FALSE 
# 2026-04-14 06:52:19 WEST: No test instances, skip testing
Warning message:
In irace.cmdline() : 'irace.cmdline' is deprecated.
Use 'irace.cmdline' instead.
See help("Deprecated")